PS E:\> .\ForceUpdateDrivers.ps1
Trovati 228 file .inf. Inizio installazione...
Installazione driver: F:\HP800G9\SP142504\src\driver\Win7-8.1\DisplayLinkUsb.inf
Utilità Plug and Play Microsoft

Aggiunta del pacchetto driver in corso:  DisplayLinkUsb.inf
Pacchetto driver aggiunto.
Nome pubblicato:         oem257.inf

Pacchetti driver totali:  1
Pacchetti driver aggiunti:  1
Installazione driver: F:\HP800G9\SP142504\src\driver\WinRS\ARM64\dlcdcncm.inf
Utilità Plug and Play Microsoft

Aggiunta del pacchetto driver in corso:  dlcdcncm.inf
Pacchetto driver aggiunto.
Nome pubblicato:         oem258.inf

Pacchetti driver totali:  1
Pacchetti driver aggiunti:  1
Installazione driver: F:\HP800G9\SP142504\src\driver\WinRS\ARM64\dlidusb.inf
Utilità Plug and Play Microsoft

Aggiunta del pacchetto driver in corso:  dlidusb.inf
Pacchetto driver aggiunto.
Nome pubblicato:         oem259.inf

Pacchetti driver totali:  1
Pacchetti driver aggiunti:  1
Installazione driver: F:\HP800G9\SP142504\src\driver\WinRS\x64\dlcdcncm.inf
Utilità Plug and Play Microsoft

Aggiunta del pacchetto driver in corso:  dlcdcncm.inf
Pacchetto driver aggiunto.
Nome pubblicato:         oem260.inf

Pacchetti driver totali:  1
Pacchetti driver aggiunti:  1
Installazione driver: F:\HP800G9\SP142504\src\driver\WinRS\x64\dlidusb.inf
Utilità Plug and Play Microsoft

Aggiunta del pacchetto driver in corso:  dlidusb.inf
Pacchetto driver aggiunto.
Nome pubblicato:         oem261.inf
Pacchetto driver aggiunto.
Nome pubblicato:         oem262.inf

Pacchetti driver totali:  1
Pacchetti driver aggiunti:  1
Installazione driver: F:\HP800G9\SP142504\src\driver\WinRS\x64\dlusbaudio.inf
Utilità Plug and Play Microsoft

Aggiunta del pacchetto driver in corso:  dlusbaudio.inf
Aggiunta del pacchetto driver completata. (Già esistente nel sistema)
Nome pubblicato:         oem262.inf

Pacchetti driver totali:  1
Pacchetti driver aggiunti:  1
Installazione driver: F:\HP800G9\SP142504\src\driver\WinRS\x86\dlcdcncm.inf
Utilità Plug and Play Microsoft

Aggiunta del pacchetto driver in corso:  dlcdcncm.inf
Pacchetto driver aggiunto.
Nome pubblicato:         oem263.inf

Pacchetti driver totali:  1
Pacchetti driver aggiunti:  1
Installazione driver: F:\HP800G9\SP142504\src\driver\WinRS\x86\dlidusb.inf
Utilità Plug and Play Microsoft

Aggiunta del pacchetto driver in corso:  dlidusb.inf
Pacchetto driver aggiunto.
Nome pubblicato:         oem264.inf

Pacchetti driver totali:  1
Pacchetti driver aggiunti:  1
Installazione driver: F:\HP800G9\SP142504\src\driver\WinRS\x86\dlusbaudio.inf
Utilità Plug and Play Microsoft

Aggiunta del pacchetto driver in corso:  dlusbaudio.inf
Aggiunta del pacchetto driver completata. (Già esistente nel sistema)
Nome pubblicato:         oem262.inf

Pacchetti driver totali:  1
Pacchetti driver aggiunti:  1
Installazione driver: F:\HP800G9\SP144130\src\driver\atind60a.inf
Utilità Plug and Play Microsoft

Aggiunta del pacchetto driver in corso:  atind60a.inf
Aggiunta del pacchetto driver completata. (Già esistente nel sistema)
Nome pubblicato:         oem182.inf

Pacchetti driver totali:  1
Pacchetti driver aggiunti:  1
Installazione driver: F:\HP800G9\SP145224\src\driver\Win10\plser.Inf
Utilità Plug and Play Microsoft

Aggiunta del pacchetto driver in corso:  plser.Inf
Aggiunta del pacchetto driver completata. (Già esistente nel sistema)
Nome pubblicato:         oem215.inf

Pacchetti driver totali:  1
Pacchetti driver aggiunti:  1
Installazione driver: F:\HP800G9\SP145228\src\driver\Win10\atin650f.inf
Utilità Plug and Play Microsoft

Aggiunta del pacchetto driver in corso:  atin650f.inf
Aggiunta del pacchetto driver completata. (Già esistente nel sistema)
Nome pubblicato:         oem183.inf

Pacchetti driver totali:  1
Pacchetti driver aggiunti:  1
Installazione driver: F:\HP800G9\SP148422\src\Drivers\Netwtw04.INF
Utilità Plug and Play Microsoft

Aggiunta del pacchetto driver in corso:  Netwtw04.INF
Pacchetto driver aggiunto.
Nome pubblicato:         oem265.inf

Pacchetti driver totali:  1
Pacchetti driver aggiunti:  1
Installazione driver: F:\HP800G9\SP148422\src\Drivers\Netwtw08.INF
Utilità Plug and Play Microsoft

Aggiunta del pacchetto driver in corso:  Netwtw08.INF
Pacchetto driver aggiunto.
Nome pubblicato:         oem266.inf

Pacchetti driver totali:  1
Pacchetti driver aggiunti:  1
Installazione driver: F:\HP800G9\SP148422\src\Drivers\Netwtw6e.INF
Utilità Plug and Play Microsoft

Aggiunta del pacchetto driver in corso:  Netwtw6e.INF
Pacchetto driver aggiunto.
Nome pubblicato:         oem267.inf

Pacchetti driver totali:  1
Pacchetti driver aggiunti:  1
Installazione driver: F:\HP800G9\sp153706\src\driver\Realtek\Codec_9700.1\HDXHPBPC.inf
Utilità Plug and Play Microsoft

Aggiunta del pacchetto driver in corso:  HDXHPBPC.inf
Aggiunta del pacchetto driver completata. (Già esistente nel sistema)
Nome pubblicato:         oem4.inf
Pacchetto driver aggiornato sul dispositivo:  HDAUDIO\FUNC_01&VEN_10EC&DEV_0256&SUBSYS_103C8CC5&REV_1000\4&33b9f7c7&0&0001

Pacchetti driver totali:  1
Pacchetti driver aggiunti:  0
Installazione driver: F:\HP800G9\sp153706\src\driver\Realtek\Codec_9700.1\HDXHPBPCAIO.inf
Utilità Plug and Play Microsoft

Aggiunta del pacchetto driver in corso:  HDXHPBPCAIO.inf
Aggiunta del pacchetto driver completata. (Già esistente nel sistema)
Nome pubblicato:         oem5.inf

Pacchetti driver totali:  1
Pacchetti driver aggiunti:  1
Installazione driver: F:\HP800G9\sp153706\src\driver\Realtek\Codec_9700.1\HDXHPBPCWS.inf
Utilità Plug and Play Microsoft

Aggiunta del pacchetto driver in corso:  HDXHPBPCWS.inf
Aggiunta del pacchetto driver completata. (Già esistente nel sistema)
Nome pubblicato:         oem6.inf

Pacchetti driver totali:  1
Pacchetti driver aggiunti:  1
Installazione driver: F:\HP800G9\sp153706\src\driver\Realtek\ExtRtk_9700.1\HDX_HpExt_HSA.inf
Utilità Plug and Play Microsoft

Aggiunta del pacchetto driver in corso:  HDX_HpExt_HSA.inf
Aggiunta del pacchetto driver completata. (Già esistente nel sistema)
Nome pubblicato:         oem7.inf
Pacchetto driver aggiornato sul dispositivo:  HDAUDIO\FUNC_01&VEN_10EC&DEV_0256&SUBSYS_103C8CC5&REV_1000\4&33b9f7c7&0&0001

Pacchetti driver totali:  1
Pacchetti driver aggiunti:  0
Installazione driver: F:\HP800G9\sp153706\src\driver\Realtek\ExtRtk_9700.1\HDX_HPExt_RTKOld.inf
Utilità Plug and Play Microsoft

Aggiunta del pacchetto driver in corso:  HDX_HPExt_RTKOld.inf
Aggiunta del pacchetto driver completata. (Già esistente nel sistema)
Nome pubblicato:         oem10.inf

Pacchetti driver totali:  1
Pacchetti driver aggiunti:  1
Installazione driver: F:\HP800G9\sp153706\src\driver\Realtek\ExtRtk_9700.1\HDX_HpExt_RTK_RTKGen4.inf
Utilità Plug and Play Microsoft

Aggiunta del pacchetto driver in corso:  HDX_HpExt_RTK_RTKGen4.inf
Aggiunta del pacchetto driver completata. (Già esistente nel sistema)
Nome pubblicato:         oem8.inf
Pacchetto driver aggiornato sul dispositivo:  HDAUDIO\FUNC_01&VEN_10EC&DEV_0256&SUBSYS_103C8CC5&REV_1000\4&33b9f7c7&0&0001

Pacchetti driver totali:  1
Pacchetti driver aggiunti:  0
Installazione driver: F:\HP800G9\sp153706\src\driver\Realtek\ExtRtk_9700.1\HDX_HpExt_RTK_RTKGen4Gen5.inf
Utilità Plug and Play Microsoft

Aggiunta del pacchetto driver in corso:  HDX_HpExt_RTK_RTKGen4Gen5.inf
Aggiunta del pacchetto driver completata. (Già esistente nel sistema)
Nome pubblicato:         oem9.inf

Pacchetti driver totali:  1
Pacchetti driver aggiunti:  1
Installazione driver: F:\HP800G9\sp153706\src\driver\Realtek\ExtRtk_9700.1\HDX_HpExt_SR_RTKGen3p1.inf
Utilità Plug and Play Microsoft

Aggiunta del pacchetto driver in corso:  HDX_HpExt_SR_RTKGen3p1.inf
Aggiunta del pacchetto driver completata. (Già esistente nel sistema)
Nome pubblicato:         oem11.inf

Pacchetti driver totali:  1
Pacchetti driver aggiunti:  1
Installazione driver: F:\HP800G9\sp153706\src\driver\Realtek\ExtRtk_9700.1\HDX_HpExt_SR_RTKGen4.inf
Utilità Plug and Play Microsoft

Aggiunta del pacchetto driver in corso:  HDX_HpExt_SR_RTKGen4.inf
Aggiunta del pacchetto driver completata. (Già esistente nel sistema)
Nome pubblicato:         oem12.inf

Pacchetti driver totali:  1
Pacchetti driver aggiunti:  1
Installazione driver: F:\HP800G9\sp153706\src\driver\Realtek\ExtRtk_9700.1\HDX_HpExt_SR_RTKOld.inf
Utilità Plug and Play Microsoft

Aggiunta del pacchetto driver in corso:  HDX_HpExt_SR_RTKOld.inf
Aggiunta del pacchetto driver completata. (Già esistente nel sistema)
Nome pubblicato:         oem13.inf

Pacchetti driver totali:  1
Pacchetti driver aggiunti:  1
Installazione driver: F:\HP800G9\sp153706\src\driver\Realtek\ExtRtk_APO_Tuning_9700\HDX_HpExt_APOT_103C88AA.inf
Utilità Plug and Play Microsoft

Aggiunta del pacchetto driver in corso:  HDX_HpExt_APOT_103C88AA.inf
Aggiunta del pacchetto driver completata. (Già esistente nel sistema)
Nome pubblicato:         oem14.inf

Pacchetti driver totali:  1
Pacchetti driver aggiunti:  1
Installazione driver: F:\HP800G9\sp153706\src\driver\Realtek\ExtRtk_APO_Tuning_9700\HDX_HpExt_APOT_103C8957.inf
Utilità Plug and Play Microsoft

Aggiunta del pacchetto driver in corso:  HDX_HpExt_APOT_103C8957.inf
Aggiunta del pacchetto driver completata. (Già esistente nel sistema)
Nome pubblicato:         oem15.inf

Pacchetti driver totali:  1
Pacchetti driver aggiunti:  1
Installazione driver: F:\HP800G9\sp153706\src\driver\Realtek\ExtRtk_APO_Tuning_9700\HDX_HpExt_APOT_103C8958.inf
Utilità Plug and Play Microsoft

Aggiunta del pacchetto driver in corso:  HDX_HpExt_APOT_103C8958.inf
Aggiunta del pacchetto driver completata. (Già esistente nel sistema)
Nome pubblicato:         oem16.inf

Pacchetti driver totali:  1
Pacchetti driver aggiunti:  1
Installazione driver: F:\HP800G9\sp153706\src\driver\Realtek\ExtRtk_APO_Tuning_9700\HDX_HpExt_APOT_103C8ACB.inf
Utilità Plug and Play Microsoft

Aggiunta del pacchetto driver in corso:  HDX_HpExt_APOT_103C8ACB.inf
Aggiunta del pacchetto driver completata. (Già esistente nel sistema)
Nome pubblicato:         oem17.inf

Pacchetti driver totali:  1
Pacchetti driver aggiunti:  1
Installazione driver: F:\HP800G9\sp153706\src\driver\Realtek\ExtRtk_APO_Tuning_9700\HDX_HpExt_APOT_103C8ACC.inf
Utilità Plug and Play Microsoft

Aggiunta del pacchetto driver in corso:  HDX_HpExt_APOT_103C8ACC.inf
Aggiunta del pacchetto driver completata. (Già esistente nel sistema)
Nome pubblicato:         oem18.inf

Pacchetti driver totali:  1
Pacchetti driver aggiunti:  1
Installazione driver: F:\HP800G9\sp153706\src\driver\Realtek\ExtRtk_APO_Tuning_9700\HDX_HpExt_APOT_103C8ACD.inf
Utilità Plug and Play Microsoft

Aggiunta del pacchetto driver in corso:  HDX_HpExt_APOT_103C8ACD.inf
Aggiunta del pacchetto driver completata. (Già esistente nel sistema)
Nome pubblicato:         oem19.inf

Pacchetti driver totali:  1
Pacchetti driver aggiunti:  1
Installazione driver: F:\HP800G9\sp153706\src\driver\Realtek\ExtRtk_APO_Tuning_9700\HDX_HpExt_APOT_103C8ACE.inf
Utilità Plug and Play Microsoft

Aggiunta del pacchetto driver in corso:  HDX_HpExt_APOT_103C8ACE.inf
Aggiunta del pacchetto driver completata. (Già esistente nel sistema)
Nome pubblicato:         oem20.inf

Pacchetti driver totali:  1
Pacchetti driver aggiunti:  1
Installazione driver: F:\HP800G9\sp153706\src\driver\Realtek\ExtRtk_APO_Tuning_9700\HDX_HpExt_APOT_AC85_AE68_C.inf
Utilità Plug and Play Microsoft

Aggiunta del pacchetto driver in corso:  HDX_HpExt_APOT_AC85_AE68_C.inf
Aggiunta del pacchetto driver completata. (Già esistente nel sistema)
Nome pubblicato:         oem21.inf

Pacchetti driver totali:  1
Pacchetti driver aggiunti:  1
Installazione driver: F:\HP800G9\sp153706\src\driver\Realtek\ExtRtk_APO_Tuning_9700\HDX_HpExt_APOT_AC85_C.inf
Utilità Plug and Play Microsoft

Aggiunta del pacchetto driver in corso:  HDX_HpExt_APOT_AC85_C.inf
Aggiunta del pacchetto driver completata. (Già esistente nel sistema)
Nome pubblicato:         oem22.inf

Pacchetti driver totali:  1
Pacchetti driver aggiunti:  1
Installazione driver: F:\HP800G9\sp153706\src\driver\Realtek\ExtRtk_APO_Tuning_9700\HDX_HpExt_APOT_AD98_C.inf
Utilità Plug and Play Microsoft

Aggiunta del pacchetto driver in corso:  HDX_HpExt_APOT_AD98_C.inf
Aggiunta del pacchetto driver completata. (Già esistente nel sistema)
Nome pubblicato:         oem23.inf

Pacchetti driver totali:  1
Pacchetti driver aggiunti:  1
Installazione driver: F:\HP800G9\sp153706\src\driver\Realtek\ExtRtk_APO_Tuning_9700\HDX_HpExt_APOT_cnb_general-50_cmit_dt.inf
Utilità Plug and Play Microsoft

Aggiunta del pacchetto driver in corso:  HDX_HpExt_APOT_cnb_general-50_cmit_dt.inf
Aggiunta del pacchetto driver completata. (Già esistente nel sistema)
Nome pubblicato:         oem24.inf

Pacchetti driver totali:  1
Pacchetti driver aggiunti:  1
Installazione driver: F:\HP800G9\sp153706\src\driver\Realtek\ExtRtk_APO_Tuning_9700\HDX_HpExt_APOT_G5_AF58_AA38_AF68_SA_C.inf
Utilità Plug and Play Microsoft

Aggiunta del pacchetto driver in corso:  HDX_HpExt_APOT_G5_AF58_AA38_AF68_SA_C.inf
Aggiunta del pacchetto driver completata. (Già esistente nel sistema)
Nome pubblicato:         oem25.inf

Pacchetti driver totali:  1
Pacchetti driver aggiunti:  1
Installazione driver: F:\HP800G9\sp153706\src\driver\Realtek\ExtRtk_APO_Tuning_9700\HDX_HpExt_APOT_G5_AF58_AF68_A_C.inf
Utilità Plug and Play Microsoft

Aggiunta del pacchetto driver in corso:  HDX_HpExt_APOT_G5_AF58_AF68_A_C.inf
Aggiunta del pacchetto driver completata. (Già esistente nel sistema)
Nome pubblicato:         oem26.inf
Pacchetto driver aggiornato sul dispositivo:  HDAUDIO\FUNC_01&VEN_10EC&DEV_0256&SUBSYS_103C8CC5&REV_1000\4&33b9f7c7&0&0001

Pacchetti driver totali:  1
Pacchetti driver aggiunti:  0
Installazione driver: F:\HP800G9\sp153706\src\driver\Realtek\ExtRtk_APO_Tuning_9700\HDX_HpExt_APOT_G5_bpc_ll_ahm-70_cmit_omni_ahm_870.inf
Utilità Plug and Play Microsoft

Aggiunta del pacchetto driver in corso:  HDX_HpExt_APOT_G5_bpc_ll_ahm-70_cmit_omni_ahm_870.inf
Aggiunta del pacchetto driver completata. (Già esistente nel sistema)
Nome pubblicato:         oem27.inf

Pacchetti driver totali:  1
Pacchetti driver aggiunti:  1
Installazione driver: F:\HP800G9\sp153706\src\driver\Realtek\ExtRtk_APO_Tuning_9700\HDX_HpExt_APOT_G5_bpc_ll_ahm-72_cmit_omni_ahm_BGL24.inf
Utilità Plug and Play Microsoft

Aggiunta del pacchetto driver in corso:  HDX_HpExt_APOT_G5_bpc_ll_ahm-72_cmit_omni_ahm_BGL24.inf
Aggiunta del pacchetto driver completata. (Già esistente nel sistema)
Nome pubblicato:         oem28.inf

Pacchetti driver totali:  1
Pacchetti driver aggiunti:  1
Installazione driver: F:\HP800G9\sp153706\src\driver\Realtek\ExtRtk_APO_Tuning_9700\HDX_HpExt_APOT_G5_dt_ll-50_dt_2024DT.inf
Utilità Plug and Play Microsoft

Aggiunta del pacchetto driver in corso:  HDX_HpExt_APOT_G5_dt_ll-50_dt_2024DT.inf
Aggiunta del pacchetto driver completata. (Già esistente nel sistema)
Nome pubblicato:         oem29.inf
Pacchetto driver aggiornato sul dispositivo:  HDAUDIO\FUNC_01&VEN_10EC&DEV_0256&SUBSYS_103C8CC5&REV_1000\4&33b9f7c7&0&0001

Pacchetti driver totali:  1
Pacchetti driver aggiunti:  0
Installazione driver: F:\HP800G9\sp153706\src\driver\Realtek\ExtRtk_APO_Tuning_9700\HDX_HpExt_APOT_Gen5_Basic.inf
Utilità Plug and Play Microsoft

Aggiunta del pacchetto driver in corso:  HDX_HpExt_APOT_Gen5_Basic.inf
Aggiunta del pacchetto driver completata. (Già esistente nel sistema)
Nome pubblicato:         oem30.inf
Pacchetto driver aggiornato sul dispositivo:  HDAUDIO\FUNC_01&VEN_10EC&DEV_0256&SUBSYS_103C8CC5&REV_1000\4&33b9f7c7&0&0001

Pacchetti driver totali:  1
Pacchetti driver aggiunti:  0
Installazione driver: F:\HP800G9\sp153706\src\driver\Realtek\ExtRtk_IntCustomize_Rev_214\IntcDMicExtC_Hp_00030000.inf
Utilità Plug and Play Microsoft

Aggiunta del pacchetto driver in corso:  IntcDMicExtC_Hp_00030000.inf
Aggiunta del pacchetto driver completata. (Già esistente nel sistema)
Nome pubblicato:         oem31.inf

Pacchetti driver totali:  1
Pacchetti driver aggiunti:  1
Installazione driver: F:\HP800G9\sp153706\src\driver\Realtek\ExtRtk_IntPCH2_Rev_627\IntcDMicExtS_Hp_103C871B.inf
Utilità Plug and Play Microsoft

Aggiunta del pacchetto driver in corso:  IntcDMicExtS_Hp_103C871B.inf
Aggiunta del pacchetto driver completata. (Già esistente nel sistema)
Nome pubblicato:         oem33.inf

Pacchetti driver totali:  1
Pacchetti driver aggiunti:  1
Installazione driver: F:\HP800G9\sp153706\src\driver\Realtek\ExtRtk_IntPCH2_Rev_627\IntcDMicExtS_Hp_103C874D.inf
Utilità Plug and Play Microsoft

Aggiunta del pacchetto driver in corso:  IntcDMicExtS_Hp_103C874D.inf
Aggiunta del pacchetto driver completata. (Già esistente nel sistema)
Nome pubblicato:         oem34.inf

Pacchetti driver totali:  1
Pacchetti driver aggiunti:  1
Installazione driver: F:\HP800G9\sp153706\src\driver\Realtek\ExtRtk_IntPCH2_Rev_627\IntcDMicExtS_Hp_103C880F.inf
Utilità Plug and Play Microsoft

Aggiunta del pacchetto driver in corso:  IntcDMicExtS_Hp_103C880F.inf
Aggiunta del pacchetto driver completata. (Già esistente nel sistema)
Nome pubblicato:         oem35.inf

Pacchetti driver totali:  1
Pacchetti driver aggiunti:  1
Installazione driver: F:\HP800G9\sp153706\src\driver\Realtek\ExtRtk_IntPCH2_Rev_627\IntcDMicExtS_Hp_103C8888.inf
Utilità Plug and Play Microsoft

Aggiunta del pacchetto driver in corso:  IntcDMicExtS_Hp_103C8888.inf
Aggiunta del pacchetto driver completata. (Già esistente nel sistema)
Nome pubblicato:         oem36.inf

Pacchetti driver totali:  1
Pacchetti driver aggiunti:  1
Installazione driver: F:\HP800G9\sp153706\src\driver\Realtek\ExtRtk_IntPCH2_Rev_627\IntcDMicExtT_Hp_103C871B.inf
Utilità Plug and Play Microsoft

Aggiunta del pacchetto driver in corso:  IntcDMicExtT_Hp_103C871B.inf
Aggiunta del pacchetto driver completata. (Già esistente nel sistema)
Nome pubblicato:         oem37.inf

Pacchetti driver totali:  1
Pacchetti driver aggiunti:  1
Installazione driver: F:\HP800G9\sp153706\src\driver\Realtek\ExtRtk_IntPCH2_Rev_627\IntcDMicExtT_Hp_103C874D.inf
Utilità Plug and Play Microsoft

Aggiunta del pacchetto driver in corso:  IntcDMicExtT_Hp_103C874D.inf
Aggiunta del pacchetto driver completata. (Già esistente nel sistema)
Nome pubblicato:         oem38.inf

Pacchetti driver totali:  1
Pacchetti driver aggiunti:  1
Installazione driver: F:\HP800G9\sp153706\src\driver\Realtek\ExtRtk_IntPCH2_Rev_627\IntcDMicExtT_Hp_103C880F.inf
Utilità Plug and Play Microsoft

Aggiunta del pacchetto driver in corso:  IntcDMicExtT_Hp_103C880F.inf
Aggiunta del pacchetto driver completata. (Già esistente nel sistema)
Nome pubblicato:         oem39.inf

Pacchetti driver totali:  1
Pacchetti driver aggiunti:  1
Installazione driver: F:\HP800G9\sp153706\src\driver\Realtek\ExtRtk_IntPCH2_Rev_627\IntcDMicExtT_Hp_103C8888.inf
Utilità Plug and Play Microsoft

Aggiunta del pacchetto driver in corso:  IntcDMicExtT_Hp_103C8888.inf
Aggiunta del pacchetto driver completata. (Già esistente nel sistema)
Nome pubblicato:         oem40.inf

Pacchetti driver totali:  1
Pacchetti driver aggiunti:  1
Installazione driver: F:\HP800G9\sp153706\src\driver\Realtek\ExtRtk_IntPCH2_Rev_627\IntcDMicExt_Hp.inf
Utilità Plug and Play Microsoft

Aggiunta del pacchetto driver in corso:  IntcDMicExt_Hp.inf
Aggiunta del pacchetto driver completata. (Già esistente nel sistema)
Nome pubblicato:         oem32.inf

Pacchetti driver totali:  1
Pacchetti driver aggiunti:  1
Installazione driver: F:\HP800G9\sp153706\src\driver\Realtek\Hp19H1HSA_331\HPAudioControlHSA.inf
Utilità Plug and Play Microsoft

Aggiunta del pacchetto driver in corso:  HPAudioControlHSA.inf
Aggiunta del pacchetto driver completata. (Già esistente nel sistema)
Nome pubblicato:         oem41.inf
Pacchetto driver aggiornato sul dispositivo:  SWD\DRIVERENUM\{9a4a8283-35d3-4a69-aa19-aa29e9046185}#HPAudioControlHSA&5&16107100&0

Pacchetti driver totali:  1
Pacchetti driver aggiunti:  0
Installazione driver: F:\HP800G9\sp153706\src\driver\Realtek\HpHSA_331\BangOlufsenAudioControlHSA.inf
Utilità Plug and Play Microsoft

Aggiunta del pacchetto driver in corso:  BangOlufsenAudioControlHSA.inf
Aggiunta del pacchetto driver completata. (Già esistente nel sistema)
Nome pubblicato:         oem42.inf

Pacchetti driver totali:  1
Pacchetti driver aggiunti:  1
Installazione driver: F:\HP800G9\sp153706\src\driver\Realtek\HpHSA_331\BOAudioControlHSA.inf
Utilità Plug and Play Microsoft

Aggiunta del pacchetto driver in corso:  BOAudioControlHSA.inf
Aggiunta del pacchetto driver completata. (Già esistente nel sistema)
Nome pubblicato:         oem43.inf

Pacchetti driver totali:  1
Pacchetti driver aggiunti:  1
Installazione driver: F:\HP800G9\sp153706\src\driver\Realtek\HpHSA_331\HPAudioCenterHSA.inf
Utilità Plug and Play Microsoft

Aggiunta del pacchetto driver in corso:  HPAudioCenterHSA.inf
Aggiunta del pacchetto driver completata. (Già esistente nel sistema)
Nome pubblicato:         oem44.inf

Pacchetti driver totali:  1
Pacchetti driver aggiunti:  1
Installazione driver: F:\HP800G9\sp153706\src\driver\Realtek\HpHSA_331\OMENAudioControlHSA.inf
Utilità Plug and Play Microsoft

Aggiunta del pacchetto driver in corso:  OMENAudioControlHSA.inf
Aggiunta del pacchetto driver completata. (Già esistente nel sistema)
Nome pubblicato:         oem45.inf

Pacchetti driver totali:  1
Pacchetti driver aggiunti:  1
Installazione driver: F:\HP800G9\sp153706\src\driver\Realtek\OVWrap2_37\ovwrap2.inf
Utilità Plug and Play Microsoft

Aggiunta del pacchetto driver in corso:  ovwrap2.inf
Aggiunta del pacchetto driver completata. (Già esistente nel sistema)
Nome pubblicato:         oem46.inf
Pacchetto driver aggiornato sul dispositivo:  SWD\DRIVERENUM\{c3a63edd-2d27-4b66-b155-5e94b43d926a}#RealtekOVWrap2&5&16107100&0

Pacchetti driver totali:  1
Pacchetti driver aggiunti:  0
Installazione driver: F:\HP800G9\sp153706\src\driver\Realtek\RealtekAPO_12_1167\RealtekAPO.inf
Utilità Plug and Play Microsoft

Aggiunta del pacchetto driver in corso:  RealtekAPO.inf
Aggiunta del pacchetto driver completata. (Già esistente nel sistema)
Nome pubblicato:         oem47.inf

Pacchetti driver totali:  1
Pacchetti driver aggiunti:  1
Installazione driver: F:\HP800G9\sp153706\src\driver\Realtek\RealtekAPO_13_1167\RealtekAPO.inf
Utilità Plug and Play Microsoft

Aggiunta del pacchetto driver in corso:  RealtekAPO.inf
Aggiunta del pacchetto driver completata. (Già esistente nel sistema)
Nome pubblicato:         oem48.inf

Pacchetti driver totali:  1
Pacchetti driver aggiunti:  1
Installazione driver: F:\HP800G9\sp153706\src\driver\Realtek\RealtekASIO_12\RealtekASIO.inf
Utilità Plug and Play Microsoft

Aggiunta del pacchetto driver in corso:  RealtekASIO.inf
Aggiunta del pacchetto driver completata. (Già esistente nel sistema)
Nome pubblicato:         oem49.inf

Pacchetti driver totali:  1
Pacchetti driver aggiunti:  1
Installazione driver: F:\HP800G9\sp153706\src\driver\Realtek\RealtekHSA_334\RealtekHSA.inf
Utilità Plug and Play Microsoft

Aggiunta del pacchetto driver in corso:  RealtekHSA.inf
Aggiunta del pacchetto driver completata. (Già esistente nel sistema)
Nome pubblicato:         oem50.inf

Pacchetti driver totali:  1
Pacchetti driver aggiunti:  1
Installazione driver: F:\HP800G9\sp153706\src\driver\Realtek\RealtekService_770\RealtekService.inf
Utilità Plug and Play Microsoft

Aggiunta del pacchetto driver in corso:  RealtekService.inf
Aggiunta del pacchetto driver completata. (Già esistente nel sistema)
Nome pubblicato:         oem51.inf
Pacchetto driver aggiornato sul dispositivo:  SWD\DRIVERENUM\{c3a63edd-2d27-4b66-b155-5e94b43d926a}#RealtekSRV&5&16107100&0

Pacchetti driver totali:  1
Pacchetti driver aggiunti:  0
Installazione driver: F:\HP800G9\sp153706\src\driver\Realtek\RealtekUAPO2_12_675\RealtekUAPO2.inf
Utilità Plug and Play Microsoft

Aggiunta del pacchetto driver in corso:  RealtekUAPO2.inf
Aggiunta del pacchetto driver completata. (Già esistente nel sistema)
Nome pubblicato:         oem52.inf
Pacchetto driver aggiornato sul dispositivo:  SWD\DRIVERENUM\{c3a63edd-2d27-4b66-b155-5e94b43d926a}#RealtekAPO&5&16107100&0
Pacchetto driver aggiornato sul dispositivo:  SWD\DRIVERENUM\{c3a63edd-2d27-4b66-b155-5e94b43d926a}#RealtekINTAPO&5&16107100&0

Pacchetti driver totali:  1
Pacchetti driver aggiunti:  0
Installazione driver: F:\HP800G9\sp153706\src\driver\Realtek\RealtekUAPO2_13_675\RealtekUAPO2.inf
Utilità Plug and Play Microsoft

Aggiunta del pacchetto driver in corso:  RealtekUAPO2.inf
Aggiunta del pacchetto driver completata. (Già esistente nel sistema)
Nome pubblicato:         oem53.inf
Pacchetto driver aggiornato sul dispositivo:  SWD\DRIVERENUM\{c3a63edd-2d27-4b66-b155-5e94b43d926a}#RealtekAPO&5&16107100&0
Pacchetto driver aggiornato sul dispositivo:  SWD\DRIVERENUM\{c3a63edd-2d27-4b66-b155-5e94b43d926a}#RealtekINTAPO&5&16107100&0

Pacchetti driver totali:  1
Pacchetti driver aggiunti:  0
Installazione driver: F:\HP800G9\sp153706\src\driver\SRapo\SEAPO64\SEAPO64.inf
Utilità Plug and Play Microsoft

Aggiunta del pacchetto driver in corso:  SEAPO64.inf
Aggiunta del pacchetto driver completata. (Già esistente nel sistema)
Nome pubblicato:         oem54.inf

Pacchetti driver totali:  1
Pacchetti driver aggiunti:  1
Installazione driver: F:\HP800G9\sp153706\src\driver\SRext\SEAPO64Ext\SEAPO64Ext.INF
Utilità Plug and Play Microsoft

Aggiunta del pacchetto driver in corso:  SEAPO64Ext.INF
Aggiunta del pacchetto driver completata. (Già esistente nel sistema)
Nome pubblicato:         oem55.inf

Pacchetti driver totali:  1
Pacchetti driver aggiunti:  1
Installazione driver: F:\HP800G9\sp155666\src\driver\Graphics\cui_dch.inf
Utilità Plug and Play Microsoft

Aggiunta del pacchetto driver in corso:  cui_dch.inf
Pacchetto driver aggiunto.
Nome pubblicato:         oem268.inf

Pacchetti driver totali:  1
Pacchetti driver aggiunti:  1
Installazione driver: F:\HP800G9\sp155666\src\driver\Graphics\GSCAuxDriver.inf
Utilità Plug and Play Microsoft

Aggiunta del pacchetto driver in corso:  GSCAuxDriver.inf
Pacchetto driver aggiunto.
Nome pubblicato:         oem269.inf

Pacchetti driver totali:  1
Pacchetti driver aggiunti:  1
Installazione driver: F:\HP800G9\sp155666\src\driver\Graphics\gscheci.inf
Utilità Plug and Play Microsoft

Aggiunta del pacchetto driver in corso:  gscheci.inf
Pacchetto driver aggiunto.
Nome pubblicato:         oem270.inf

Pacchetti driver totali:  1
Pacchetti driver aggiunti:  1
Installazione driver: F:\HP800G9\sp155666\src\driver\Graphics\HdBusExt.inf
Utilità Plug and Play Microsoft

Aggiunta del pacchetto driver in corso:  HdBusExt.inf
Pacchetto driver aggiunto.
Nome pubblicato:         oem271.inf
Pacchetto driver installato nel dispositivo:  PCI\VEN_8086&DEV_7AD0&SUBSYS_8CC5103C&REV_11\3&11583659&0&FB

Pacchetti driver totali:  1
Pacchetti driver aggiunti:  1
Installazione driver: F:\HP800G9\sp155666\src\driver\Graphics\igcc_dch.inf
Utilità Plug and Play Microsoft

Aggiunta del pacchetto driver in corso:  igcc_dch.inf
Pacchetto driver aggiunto.
Nome pubblicato:         oem272.inf

Pacchetti driver totali:  1
Pacchetti driver aggiunti:  1
Installazione driver: F:\HP800G9\sp155666\src\driver\Graphics\iigd_dch.inf
Utilità Plug and Play Microsoft

Aggiunta del pacchetto driver in corso:  iigd_dch.inf
Pacchetto driver aggiunto.
Nome pubblicato:         oem273.inf
Pacchetto driver aggiunto.
Nome pubblicato:         oem275.inf
Pacchetto driver aggiunto.
Nome pubblicato:         oem274.inf
Pacchetto driver aggiunto.
Nome pubblicato:         oem276.inf
Pacchetto driver installato nel dispositivo:  HDAUDIO\FUNC_01&VEN_8086&DEV_2815&SUBSYS_80860101&REV_1000\4&33b9f7c7&0&0201
Pacchetto driver installato nel dispositivo:  HDAUDIO\SUBFUNC_01&VEN_8086&DEV_2815&NID_0001&SUBSYS_00000000&REV_1000\5&1ebe703c&0&0002&00000028
Pacchetto driver installato nel dispositivo:  PCI\VEN_8086&DEV_4680&SUBSYS_8AC3103C&REV_0C\3&11583659&0&10
Pacchetto driver aggiornato sul dispositivo:  PCI\VEN_8086&DEV_4680&SUBSYS_8AC3103C&REV_0C\3&11583659&0&10
Pacchetto driver installato nel dispositivo:  HDAUDIO\FUNC_01&VEN_8086&DEV_2815&SUBSYS_80860101&REV_1000\4&33b9f7c7&0&0201
Pacchetto driver installato nel dispositivo:  HDAUDIO\SUBFUNC_01&VEN_8086&DEV_2815&NID_0001&SUBSYS_00000000&REV_1000\5&1ebe703c&0&0002&00000028
Pacchetto driver installato nel dispositivo:  HDAUDIO\SGPC_FUNC_01&VEN_8086&DEV_2815&SUBSYS_80860101&REV_1000\4&33b9f7c7&0&0201
Pacchetto driver installato nel dispositivo:  HDAUDIO\FUNC_01&VEN_8086&DEV_2815&SUBSYS_80860101&REV_1000\4&33b9f7c7&0&0201
Pacchetto driver installato nel dispositivo:  HDAUDIO\SGPC_FUNC_01&VEN_8086&DEV_2815&SUBSYS_80860101&REV_1000\4&33b9f7c7&0&0201

Pacchetti driver totali:  1
Pacchetti driver aggiunti:  1
Installazione driver: F:\HP800G9\sp155666\src\driver\Graphics\iigd_dch_d.inf
Utilità Plug and Play Microsoft

Aggiunta del pacchetto driver in corso:  iigd_dch_d.inf
Pacchetto driver aggiunto.
Nome pubblicato:         oem277.inf
Pacchetto driver aggiunto.
Nome pubblicato:         oem282.inf
Pacchetto driver aggiunto.
Nome pubblicato:         oem280.inf
Pacchetto driver aggiunto.
Nome pubblicato:         oem278.inf
Pacchetto driver aggiunto.
Nome pubblicato:         oem279.inf
Pacchetto driver aggiunto.
Nome pubblicato:         oem281.inf

Pacchetti driver totali:  1
Pacchetti driver aggiunti:  1
Installazione driver: F:\HP800G9\sp155666\src\driver\Graphics\iigd_ext.inf
Utilità Plug and Play Microsoft

Aggiunta del pacchetto driver in corso:  iigd_ext.inf
Aggiunta del pacchetto driver completata. (Già esistente nel sistema)
Nome pubblicato:         oem275.inf
Pacchetto driver aggiornato sul dispositivo:  PCI\VEN_8086&DEV_4680&SUBSYS_8AC3103C&REV_0C\3&11583659&0&10

Pacchetti driver totali:  1
Pacchetti driver aggiunti:  0
Installazione driver: F:\HP800G9\sp155666\src\driver\Graphics\iigd_ext_d.inf
Utilità Plug and Play Microsoft

Aggiunta del pacchetto driver in corso:  iigd_ext_d.inf
Aggiunta del pacchetto driver completata. (Già esistente nel sistema)
Nome pubblicato:         oem282.inf

Pacchetti driver totali:  1
Pacchetti driver aggiunti:  1
Installazione driver: F:\HP800G9\sp155666\src\driver\Graphics\memcntrl.inf
Utilità Plug and Play Microsoft

Aggiunta del pacchetto driver in corso:  memcntrl.inf
Aggiunta del pacchetto driver completata. (Già esistente nel sistema)
Nome pubblicato:         oem279.inf

Pacchetti driver totali:  1
Pacchetti driver aggiunti:  1
Installazione driver: F:\HP800G9\sp155666\src\driver\Graphics\MSHdaDac.inf
Utilità Plug and Play Microsoft

Aggiunta del pacchetto driver in corso:  MSHdaDac.inf
Aggiunta del pacchetto driver completata. (Già esistente nel sistema)
Nome pubblicato:         oem274.inf
Pacchetto driver installato nel dispositivo:  HDAUDIO\FUNC_01&VEN_8086&DEV_2815&SUBSYS_80860101&REV_1000\4&33b9f7c7&0&0201
Pacchetto driver aggiornato sul dispositivo:  HDAUDIO\SUBFUNC_01&VEN_8086&DEV_2815&NID_0001&SUBSYS_00000000&REV_1000\5&1ebe703c&0&0002&00000028
Pacchetto driver aggiornato sul dispositivo:  HDAUDIO\SGPC_FUNC_01&VEN_8086&DEV_2815&SUBSYS_80860101&REV_1000\4&33b9f7c7&0&0201

Pacchetti driver totali:  1
Pacchetti driver aggiunti:  1
Installazione driver: F:\HP800G9\sp155666\src\driver\Graphics\CtaChildDriver\CtaChildDriver.inf
Utilità Plug and Play Microsoft

Aggiunta del pacchetto driver in corso:  CtaChildDriver.inf
Aggiunta del pacchetto driver completata. (Già esistente nel sistema)
Nome pubblicato:         oem281.inf

Pacchetti driver totali:  1
Pacchetti driver aggiunti:  1
Installazione driver: F:\HP800G9\sp155666\src\driver\Graphics\DisplayAudio\11.2\IntcDAud.inf
Utilità Plug and Play Microsoft

Aggiunta del pacchetto driver in corso:  IntcDAud.inf
Aggiunta del pacchetto driver completata. (Già esistente nel sistema)
Nome pubblicato:         oem276.inf
Pacchetto driver installato nel dispositivo:  HDAUDIO\FUNC_01&VEN_8086&DEV_2815&SUBSYS_80860101&REV_1000\4&33b9f7c7&0&0201

Pacchetti driver totali:  1
Pacchetti driver aggiunti:  1
Installazione driver: F:\HP800G9\sp155666\src\driver\Graphics\DisplayAudio\12.1\IntcDAud.inf
Utilità Plug and Play Microsoft

Aggiunta del pacchetto driver in corso:  IntcDAud.inf
Aggiunta del pacchetto driver completata. (Già esistente nel sistema)
Nome pubblicato:         oem280.inf

Pacchetti driver totali:  1
Pacchetti driver aggiunti:  1
Installazione driver: F:\HP800G9\sp155666\src\driver\Graphics\I2CDriver\Intel_NF_I2C_Child.inf
Utilità Plug and Play Microsoft

Aggiunta del pacchetto driver in corso:  Intel_NF_I2C_Child.inf
Aggiunta del pacchetto driver completata. (Già esistente nel sistema)
Nome pubblicato:         oem278.inf

Pacchetti driver totali:  1
Pacchetti driver aggiunti:  1
Installazione driver: F:\HP800G9\sp155745\src\driver\HidEventFilter.inf
Utilità Plug and Play Microsoft

Aggiunta del pacchetto driver in corso:  HidEventFilter.inf
Pacchetto driver aggiunto.
Nome pubblicato:         oem283.inf
È necessario il riavvio del sistema per completare le operazioni di installazione.

Pacchetti driver totali:  1
Pacchetti driver aggiunti:  1
È necessario il riavvio del sistema per completare le operazioni di installazione.
Installazione driver: F:\HP800G9\sp156386\src\Driver\Driver\Display.Driver\nvhdc.inf
Utilità Plug and Play Microsoft

Aggiunta del pacchetto driver in corso:  nvhdc.inf
Pacchetto driver aggiunto.
Nome pubblicato:         oem284.inf

Pacchetti driver totali:  1
Pacchetti driver aggiunti:  1
Installazione driver: F:\HP800G9\sp156386\src\Driver\Driver\HDAudio\nvhda.inf
Utilità Plug and Play Microsoft

Aggiunta del pacchetto driver in corso:  nvhda.inf
Pacchetto driver aggiunto.
Nome pubblicato:         oem285.inf

Pacchetti driver totali:  1
Pacchetti driver aggiunti:  1
Installazione driver: F:\HP800G9\sp156386\src\Driver\Driver\PPC\nvppc.inf
Utilità Plug and Play Microsoft

Aggiunta del pacchetto driver in corso:  nvppc.inf
Pacchetto driver aggiunto.
Nome pubblicato:         oem286.inf

Pacchetti driver totali:  1
Pacchetti driver aggiunti:  1
Installazione driver: F:\HP800G9\sp156386\src\Driver\Win32_App\NvVAD\nvvad.inf
Utilità Plug and Play Microsoft

Aggiunta del pacchetto driver in corso:  nvvad.inf
Pacchetto driver aggiunto.
Nome pubblicato:         oem287.inf

Pacchetti driver totali:  1
Pacchetti driver aggiunti:  1
Installazione driver: F:\HP800G9\sp156586\src\Drivers\E1D\e1d.inf
Utilità Plug and Play Microsoft

Aggiunta del pacchetto driver in corso:  e1d.inf
Pacchetto driver aggiunto.
Nome pubblicato:         oem288.inf
Pacchetto driver installato nel dispositivo:  PCI\VEN_8086&DEV_1A1C&SUBSYS_8AC3103C&REV_11\3&11583659&0&FE

Pacchetti driver totali:  1
Pacchetti driver aggiunti:  1
Installazione driver: F:\HP800G9\sp156586\src\Drivers\E1R\e1r.inf
Utilità Plug and Play Microsoft

Aggiunta del pacchetto driver in corso:  e1r.inf
Aggiunta del pacchetto driver completata. (Già esistente nel sistema)
Nome pubblicato:         oem185.inf

Pacchetti driver totali:  1
Pacchetti driver aggiunti:  1
Installazione driver: F:\HP800G9\sp156586\src\Drivers\E2F\e2f.inf
Utilità Plug and Play Microsoft

Aggiunta del pacchetto driver in corso:  e2f.inf
Pacchetto driver aggiunto.
Nome pubblicato:         oem289.inf

Pacchetti driver totali:  1
Pacchetti driver aggiunti:  1
Installazione driver: F:\HP800G9\sp156694\src\driver\HpSfuService.inf
Utilità Plug and Play Microsoft

Aggiunta del pacchetto driver in corso:  HpSfuService.inf
Pacchetto driver aggiunto.
Nome pubblicato:         oem290.inf
Pacchetto driver installato nel dispositivo:  ACPI\HPIC0015\2&daba3ff&0

Pacchetti driver totali:  1
Pacchetti driver aggiunti:  1
Installazione driver: F:\HP800G9\sp156886\src\Drivers\RTWLANE_Driver\Win10X64\netrtwlane.inf
Utilità Plug and Play Microsoft

Aggiunta del pacchetto driver in corso:  netrtwlane.inf
Pacchetto driver aggiunto.
Nome pubblicato:         oem291.inf

Pacchetti driver totali:  1
Pacchetti driver aggiunti:  1
Installazione driver: F:\HP800G9\sp156886\src\Drivers\RTWLANE_Driver\Win10X64\netrtwlane02.inf
Utilità Plug and Play Microsoft

Aggiunta del pacchetto driver in corso:  netrtwlane02.inf
Aggiunta del pacchetto driver completata. (Già esistente nel sistema)
Nome pubblicato:         oem192.inf

Pacchetti driver totali:  1
Pacchetti driver aggiunti:  1
Installazione driver: F:\HP800G9\sp156886\src\Drivers\RTWLANE_Driver\Win10X64\netrtwlane6.inf
Utilità Plug and Play Microsoft

Aggiunta del pacchetto driver in corso:  netrtwlane6.inf
Pacchetto driver aggiunto.
Nome pubblicato:         oem292.inf

Pacchetti driver totali:  1
Pacchetti driver aggiunti:  1
Installazione driver: F:\HP800G9\sp156886\src\Drivers\RTWLANE_Driver\Win10X64\netrtwlane601.inf
Utilità Plug and Play Microsoft

Aggiunta del pacchetto driver in corso:  netrtwlane601.inf
Pacchetto driver aggiunto.
Nome pubblicato:         oem293.inf

Pacchetti driver totali:  1
Pacchetti driver aggiunti:  1
Installazione driver: F:\HP800G9\sp156886\src\Drivers\RTWLANE_Driver\Win10X64\netrtwlane602.inf
Utilità Plug and Play Microsoft

Aggiunta del pacchetto driver in corso:  netrtwlane602.inf
Pacchetto driver aggiunto.
Nome pubblicato:         oem294.inf

Pacchetti driver totali:  1
Pacchetti driver aggiunti:  1
Installazione driver: F:\HP800G9\sp156886\src\Drivers\RTWLANE_Driver\Win10X64\netrtwlane63.inf
Utilità Plug and Play Microsoft

Aggiunta del pacchetto driver in corso:  netrtwlane63.inf
Pacchetto driver aggiunto.
Nome pubblicato:         oem295.inf

Pacchetti driver totali:  1
Pacchetti driver aggiunti:  1
Installazione driver: F:\HP800G9\sp157055\src\driver\iaStorHsaComponent.inf
Utilità Plug and Play Microsoft

Aggiunta del pacchetto driver in corso:  iaStorHsaComponent.inf
Pacchetto driver aggiunto.
Nome pubblicato:         oem296.inf

Pacchetti driver totali:  1
Pacchetti driver aggiunti:  1
Installazione driver: F:\HP800G9\sp157055\src\driver\iaStorHsa_Ext.inf
Utilità Plug and Play Microsoft

Aggiunta del pacchetto driver in corso:  iaStorHsa_Ext.inf
Pacchetto driver aggiunto.
Nome pubblicato:         oem297.inf

Pacchetti driver totali:  1
Pacchetti driver aggiunti:  1
Installazione driver: F:\HP800G9\sp157055\src\driver\iaStorVD.inf
Utilità Plug and Play Microsoft

Aggiunta del pacchetto driver in corso:  iaStorVD.inf
Pacchetto driver aggiunto.
Nome pubblicato:         oem298.inf

Pacchetti driver totali:  1
Pacchetti driver aggiunti:  1
Installazione driver: F:\HP800G9\sp157134\src\Drivers\8852BE-VT\Beacon\rtkbtfilter.inf
Utilità Plug and Play Microsoft

Aggiunta del pacchetto driver in corso:  rtkbtfilter.inf
Pacchetto driver aggiunto.
Nome pubblicato:         oem299.inf

Pacchetti driver totali:  1
Pacchetti driver aggiunti:  1
Installazione driver: F:\HP800G9\sp157134\src\Drivers\8852CE_8852BE\rtkbtfilter.inf
Utilità Plug and Play Microsoft

Aggiunta del pacchetto driver in corso:  rtkbtfilter.inf
Pacchetto driver aggiunto.
Nome pubblicato:         oem300.inf

Pacchetti driver totali:  1
Pacchetti driver aggiunti:  1
Installazione driver: F:\HP800G9\sp157134\src\Drivers\Legacy\Rtkfilter.inf
Utilità Plug and Play Microsoft

Aggiunta del pacchetto driver in corso:  Rtkfilter.inf
Pacchetto driver aggiunto.
Nome pubblicato:         oem301.inf

Pacchetti driver totali:  1
Pacchetti driver aggiunti:  1
Installazione driver: F:\HP800G9\sp157162\src\Drivers\FMP\ibtusb.inf
Utilità Plug and Play Microsoft

Aggiunta del pacchetto driver in corso:  ibtusb.inf
Pacchetto driver aggiunto.
Nome pubblicato:         oem302.inf

Pacchetti driver totali:  1
Pacchetti driver aggiunti:  1
Installazione driver: F:\HP800G9\sp157162\src\Drivers\GAP\ibtusb.inf
Utilità Plug and Play Microsoft

Aggiunta del pacchetto driver in corso:  ibtusb.inf
Pacchetto driver aggiunto.
Nome pubblicato:         oem303.inf

Pacchetti driver totali:  1
Pacchetti driver aggiunti:  1
Installazione driver: F:\HP800G9\sp157162\src\Drivers\GFP\ibtusb.inf
Utilità Plug and Play Microsoft

Aggiunta del pacchetto driver in corso:  ibtusb.inf
Pacchetto driver aggiunto.
Nome pubblicato:         oem304.inf

Pacchetti driver totali:  1
Pacchetti driver aggiunti:  1
Installazione driver: F:\HP800G9\sp157162\src\Drivers\ibtpci\ibtpci.inf
Utilità Plug and Play Microsoft

Aggiunta del pacchetto driver in corso:  ibtpci.inf
Pacchetto driver aggiunto.
Nome pubblicato:         oem305.inf

Pacchetti driver totali:  1
Pacchetti driver aggiunti:  1
Installazione driver: F:\HP800G9\sp157284\src\Drivers\Netwtw08.INF
Utilità Plug and Play Microsoft

Aggiunta del pacchetto driver in corso:  Netwtw08.INF
Pacchetto driver aggiunto.
Nome pubblicato:         oem306.inf

Pacchetti driver totali:  1
Pacchetti driver aggiunti:  1
Installazione driver: F:\HP800G9\sp157284\src\Drivers\Netwtw6e.INF
Utilità Plug and Play Microsoft

Aggiunta del pacchetto driver in corso:  Netwtw6e.INF
Pacchetto driver aggiunto.
Nome pubblicato:         oem307.inf

Pacchetti driver totali:  1
Pacchetti driver aggiunti:  1
Installazione driver: F:\HP800G9\sp157300\drivers\P017TM.B2Y\SW\P017TM.B2Y\SWSETUP\DRV\DriverOther\HP\HSAFusion_77TMB2\1.76.4125.0\src\Base\hpcustomcapdriver.inf
Utilità Plug and Play Microsoft

Aggiunta del pacchetto driver in corso:  hpcustomcapdriver.inf
Pacchetto driver aggiunto.
Nome pubblicato:         oem308.inf
Pacchetto driver installato nel dispositivo:  ACPI\HPIC000C\2&daba3ff&0

Pacchetti driver totali:  1
Pacchetti driver aggiunti:  1
Installazione driver: F:\HP800G9\sp157300\drivers\P017TM.B2Y\SW\P017TM.B2Y\SWSETUP\DRV\DriverOther\HP\HSAFusion_77TMB2\1.76.4125.0\src\Comp\hpcustomcapcomp.inf
Utilità Plug and Play Microsoft

Aggiunta del pacchetto driver in corso:  hpcustomcapcomp.inf
Pacchetto driver aggiunto.
Nome pubblicato:         oem309.inf
Pacchetto driver installato nel dispositivo:  SWD\DRIVERENUM\{30e20916-51cc-469c-ad2d-eaeee7624b3b}#FusionSoftware&3&6a84d0&0

Pacchetti driver totali:  1
Pacchetti driver aggiunti:  1
Installazione driver: F:\HP800G9\sp157300\drivers\P017TM.B2Y\SW\P017TM.B2Y\SWSETUP\DRV\DriverOther\HP\HSAFusion_77TMB2\1.76.4125.0\src\Ext\hpcustomcapext.inf
Utilità Plug and Play Microsoft

Aggiunta del pacchetto driver in corso:  hpcustomcapext.inf
Pacchetto driver aggiunto.
Nome pubblicato:         oem310.inf
Pacchetto driver installato nel dispositivo:  ACPI\HPIC000C\2&daba3ff&0

Pacchetti driver totali:  1
Pacchetti driver aggiunti:  1
Installazione driver: F:\HP800G9\sp157350\src\driver\AlderLakeDmaSecExtension.inf
Utilità Plug and Play Microsoft

Aggiunta del pacchetto driver in corso:  AlderLakeDmaSecExtension.inf
Aggiunta del pacchetto driver completata. (Già esistente nel sistema)
Nome pubblicato:         oem66.inf

Pacchetti driver totali:  1
Pacchetti driver aggiunti:  1
Installazione driver: F:\HP800G9\sp157350\src\driver\AlderLakePCH-NDmaSecExtension.inf
Utilità Plug and Play Microsoft

Aggiunta del pacchetto driver in corso:  AlderLakePCH-NDmaSecExtension.inf
Pacchetto driver aggiunto.
Nome pubblicato:         oem311.inf

Pacchetti driver totali:  1
Pacchetti driver aggiunti:  1
Installazione driver: F:\HP800G9\sp157350\src\driver\AlderLakePCH-NSystem.inf
Utilità Plug and Play Microsoft

Aggiunta del pacchetto driver in corso:  AlderLakePCH-NSystem.inf
Pacchetto driver aggiunto.
Nome pubblicato:         oem312.inf

Pacchetti driver totali:  1
Pacchetti driver aggiunti:  1
Installazione driver: F:\HP800G9\sp157350\src\driver\AlderLakePCH-NSystemNorthpeak.inf
Utilità Plug and Play Microsoft

Aggiunta del pacchetto driver in corso:  AlderLakePCH-NSystemNorthpeak.inf
Pacchetto driver aggiunto.
Nome pubblicato:         oem313.inf

Pacchetti driver totali:  1
Pacchetti driver aggiunti:  1
Installazione driver: F:\HP800G9\sp157350\src\driver\AlderLakePCH-PDmaSecExtension.inf
Utilità Plug and Play Microsoft

Aggiunta del pacchetto driver in corso:  AlderLakePCH-PDmaSecExtension.inf
Aggiunta del pacchetto driver completata. (Già esistente nel sistema)
Nome pubblicato:         oem71.inf

Pacchetti driver totali:  1
Pacchetti driver aggiunti:  1
Installazione driver: F:\HP800G9\sp157350\src\driver\AlderLakePCH-PSystem.inf
Utilità Plug and Play Microsoft

Aggiunta del pacchetto driver in corso:  AlderLakePCH-PSystem.inf
Aggiunta del pacchetto driver completata. (Già esistente nel sistema)
Nome pubblicato:         oem72.inf

Pacchetti driver totali:  1
Pacchetti driver aggiunti:  1
Installazione driver: F:\HP800G9\sp157350\src\driver\AlderLakePCH-PSystemLPSS.inf
Utilità Plug and Play Microsoft

Aggiunta del pacchetto driver in corso:  AlderLakePCH-PSystemLPSS.inf
Aggiunta del pacchetto driver completata. (Già esistente nel sistema)
Nome pubblicato:         oem73.inf

Pacchetti driver totali:  1
Pacchetti driver aggiunti:  1
Installazione driver: F:\HP800G9\sp157350\src\driver\AlderLakePCH-PSystemNorthpeak.inf
Utilità Plug and Play Microsoft

Aggiunta del pacchetto driver in corso:  AlderLakePCH-PSystemNorthpeak.inf
Aggiunta del pacchetto driver completata. (Già esistente nel sistema)
Nome pubblicato:         oem74.inf

Pacchetti driver totali:  1
Pacchetti driver aggiunti:  1
Installazione driver: F:\HP800G9\sp157350\src\driver\AlderLakePCH-SSystem.inf
Utilità Plug and Play Microsoft

Aggiunta del pacchetto driver in corso:  AlderLakePCH-SSystem.inf
Aggiunta del pacchetto driver completata. (Già esistente nel sistema)
Nome pubblicato:         oem75.inf
Pacchetto driver aggiornato sul dispositivo:  PCI\VEN_8086&DEV_7AA7&SUBSYS_8AC3103C&REV_11\3&11583659&0&A2
Pacchetto driver aggiornato sul dispositivo:  PCI\VEN_8086&DEV_7AA4&SUBSYS_8AC3103C&REV_11\3&11583659&0&FD
Pacchetto driver aggiornato sul dispositivo:  PCI\VEN_8086&DEV_7AC8&SUBSYS_8AC3103C&REV_11\3&11583659&0&D0
Pacchetto driver aggiornato sul dispositivo:  PCI\VEN_8086&DEV_7AA3&SUBSYS_8AC3103C&REV_11\3&11583659&0&FC
Pacchetto driver aggiornato sul dispositivo:  PCI\VEN_8086&DEV_7A83&SUBSYS_8AC3103C&REV_11\3&11583659&0&F8

Pacchetti driver totali:  1
Pacchetti driver aggiunti:  0
Installazione driver: F:\HP800G9\sp157350\src\driver\AlderLakePCH-SSystemLPSS.inf
Utilità Plug and Play Microsoft

Aggiunta del pacchetto driver in corso:  AlderLakePCH-SSystemLPSS.inf
Aggiunta del pacchetto driver completata. (Già esistente nel sistema)
Nome pubblicato:         oem76.inf

Pacchetti driver totali:  1
Pacchetti driver aggiunti:  1
Installazione driver: F:\HP800G9\sp157350\src\driver\AlderLakePCH-SSystemNorthpeak.inf
Utilità Plug and Play Microsoft

Aggiunta del pacchetto driver in corso:  AlderLakePCH-SSystemNorthpeak.inf
Aggiunta del pacchetto driver completata. (Già esistente nel sistema)
Nome pubblicato:         oem77.inf

Pacchetti driver totali:  1
Pacchetti driver aggiunti:  1
Installazione driver: F:\HP800G9\sp157350\src\driver\AlderLakeSystem.inf
Utilità Plug and Play Microsoft

Aggiunta del pacchetto driver in corso:  AlderLakeSystem.inf
Aggiunta del pacchetto driver completata. (Già esistente nel sistema)
Nome pubblicato:         oem78.inf
Pacchetto driver aggiornato sul dispositivo:  PCI\VEN_8086&DEV_4640&SUBSYS_8AC3103C&REV_02\3&11583659&0&00

Pacchetti driver totali:  1
Pacchetti driver aggiunti:  0
Installazione driver: F:\HP800G9\sp157350\src\driver\AlderLakeSystemNorthpeak.inf
Utilità Plug and Play Microsoft

Aggiunta del pacchetto driver in corso:  AlderLakeSystemNorthpeak.inf
Aggiunta del pacchetto driver completata. (Già esistente nel sistema)
Nome pubblicato:         oem79.inf

Pacchetti driver totali:  1
Pacchetti driver aggiunti:  1
Installazione driver: F:\HP800G9\sp157350\src\driver\CannonLake-HSDHost.inf
Utilità Plug and Play Microsoft

Aggiunta del pacchetto driver in corso:  CannonLake-HSDHost.inf
Aggiunta del pacchetto driver completata. (Già esistente nel sistema)
Nome pubblicato:         oem80.inf

Pacchetti driver totali:  1
Pacchetti driver aggiunti:  1
Installazione driver: F:\HP800G9\sp157350\src\driver\CannonLake-HSystem.inf
Utilità Plug and Play Microsoft

Aggiunta del pacchetto driver in corso:  CannonLake-HSystem.inf
Aggiunta del pacchetto driver completata. (Già esistente nel sistema)
Nome pubblicato:         oem81.inf

Pacchetti driver totali:  1
Pacchetti driver aggiunti:  1
Installazione driver: F:\HP800G9\sp157350\src\driver\CannonLake-HSystemLPSS.inf
Utilità Plug and Play Microsoft

Aggiunta del pacchetto driver in corso:  CannonLake-HSystemLPSS.inf
Aggiunta del pacchetto driver completata. (Già esistente nel sistema)
Nome pubblicato:         oem82.inf

Pacchetti driver totali:  1
Pacchetti driver aggiunti:  1
Installazione driver: F:\HP800G9\sp157350\src\driver\CannonLake-HSystemNorthpeak.inf
Utilità Plug and Play Microsoft

Aggiunta del pacchetto driver in corso:  CannonLake-HSystemNorthpeak.inf
Aggiunta del pacchetto driver completata. (Già esistente nel sistema)
Nome pubblicato:         oem83.inf

Pacchetti driver totali:  1
Pacchetti driver aggiunti:  1
Installazione driver: F:\HP800G9\sp157350\src\driver\CannonLake-HSystemThermal.inf
Utilità Plug and Play Microsoft

Aggiunta del pacchetto driver in corso:  CannonLake-HSystemThermal.inf
Aggiunta del pacchetto driver completata. (Già esistente nel sistema)
Nome pubblicato:         oem84.inf

Pacchetti driver totali:  1
Pacchetti driver aggiunti:  1
Installazione driver: F:\HP800G9\sp157350\src\driver\CannonLake-LPSDHost.inf
Utilità Plug and Play Microsoft

Aggiunta del pacchetto driver in corso:  CannonLake-LPSDHost.inf
Aggiunta del pacchetto driver completata. (Già esistente nel sistema)
Nome pubblicato:         oem85.inf

Pacchetti driver totali:  1
Pacchetti driver aggiunti:  1
Installazione driver: F:\HP800G9\sp157350\src\driver\CannonLake-LPSystem.inf
Utilità Plug and Play Microsoft

Aggiunta del pacchetto driver in corso:  CannonLake-LPSystem.inf
Aggiunta del pacchetto driver completata. (Già esistente nel sistema)
Nome pubblicato:         oem86.inf

Pacchetti driver totali:  1
Pacchetti driver aggiunti:  1
Installazione driver: F:\HP800G9\sp157350\src\driver\CannonLake-LPSystemLPSS.inf
Utilità Plug and Play Microsoft

Aggiunta del pacchetto driver in corso:  CannonLake-LPSystemLPSS.inf
Aggiunta del pacchetto driver completata. (Già esistente nel sistema)
Nome pubblicato:         oem87.inf

Pacchetti driver totali:  1
Pacchetti driver aggiunti:  1
Installazione driver: F:\HP800G9\sp157350\src\driver\CannonLake-LPSystemNorthpeak.inf
Utilità Plug and Play Microsoft

Aggiunta del pacchetto driver in corso:  CannonLake-LPSystemNorthpeak.inf
Aggiunta del pacchetto driver completata. (Già esistente nel sistema)
Nome pubblicato:         oem88.inf

Pacchetti driver totali:  1
Pacchetti driver aggiunti:  1
Installazione driver: F:\HP800G9\sp157350\src\driver\CannonLake-LPSystemThermal.inf
Utilità Plug and Play Microsoft

Aggiunta del pacchetto driver in corso:  CannonLake-LPSystemThermal.inf
Aggiunta del pacchetto driver completata. (Già esistente nel sistema)
Nome pubblicato:         oem89.inf

Pacchetti driver totali:  1
Pacchetti driver aggiunti:  1
Installazione driver: F:\HP800G9\sp157350\src\driver\CoffeelakeSystem.inf
Utilità Plug and Play Microsoft

Aggiunta del pacchetto driver in corso:  CoffeelakeSystem.inf
Aggiunta del pacchetto driver completata. (Già esistente nel sistema)
Nome pubblicato:         oem90.inf

Pacchetti driver totali:  1
Pacchetti driver aggiunti:  1
Installazione driver: F:\HP800G9\sp157350\src\driver\CometLakePCH-HSystem.inf
Utilità Plug and Play Microsoft

Aggiunta del pacchetto driver in corso:  CometLakePCH-HSystem.inf
Aggiunta del pacchetto driver completata. (Già esistente nel sistema)
Nome pubblicato:         oem91.inf

Pacchetti driver totali:  1
Pacchetti driver aggiunti:  1
Installazione driver: F:\HP800G9\sp157350\src\driver\CometLakePCH-HSystemLPSS.inf
Utilità Plug and Play Microsoft

Aggiunta del pacchetto driver in corso:  CometLakePCH-HSystemLPSS.inf
Aggiunta del pacchetto driver completata. (Già esistente nel sistema)
Nome pubblicato:         oem92.inf

Pacchetti driver totali:  1
Pacchetti driver aggiunti:  1
Installazione driver: F:\HP800G9\sp157350\src\driver\CometLakePCH-HSystemThermal.inf
Utilità Plug and Play Microsoft

Aggiunta del pacchetto driver in corso:  CometLakePCH-HSystemThermal.inf
Aggiunta del pacchetto driver completata. (Già esistente nel sistema)
Nome pubblicato:         oem93.inf

Pacchetti driver totali:  1
Pacchetti driver aggiunti:  1
Installazione driver: F:\HP800G9\sp157350\src\driver\CometLakePCH-LPDmaSecExtension.inf
Utilità Plug and Play Microsoft

Aggiunta del pacchetto driver in corso:  CometLakePCH-LPDmaSecExtension.inf
Aggiunta del pacchetto driver completata. (Già esistente nel sistema)
Nome pubblicato:         oem94.inf

Pacchetti driver totali:  1
Pacchetti driver aggiunti:  1
Installazione driver: F:\HP800G9\sp157350\src\driver\CometLakePCH-LPSystem.inf
Utilità Plug and Play Microsoft

Aggiunta del pacchetto driver in corso:  CometLakePCH-LPSystem.inf
Aggiunta del pacchetto driver completata. (Già esistente nel sistema)
Nome pubblicato:         oem95.inf

Pacchetti driver totali:  1
Pacchetti driver aggiunti:  1
Installazione driver: F:\HP800G9\sp157350\src\driver\CometLakePCH-LPSystemNorthpeak.inf
Utilità Plug and Play Microsoft

Aggiunta del pacchetto driver in corso:  CometLakePCH-LPSystemNorthpeak.inf
Aggiunta del pacchetto driver completata. (Già esistente nel sistema)
Nome pubblicato:         oem96.inf

Pacchetti driver totali:  1
Pacchetti driver aggiunti:  1
Installazione driver: F:\HP800G9\sp157350\src\driver\CometLakePCH-LPSystemThermal.inf
Utilità Plug and Play Microsoft

Aggiunta del pacchetto driver in corso:  CometLakePCH-LPSystemThermal.inf
Aggiunta del pacchetto driver completata. (Già esistente nel sistema)
Nome pubblicato:         oem97.inf

Pacchetti driver totali:  1
Pacchetti driver aggiunti:  1
Installazione driver: F:\HP800G9\sp157350\src\driver\CometLakePCH-VSystem.inf
Utilità Plug and Play Microsoft

Aggiunta del pacchetto driver in corso:  CometLakePCH-VSystem.inf
Aggiunta del pacchetto driver completata. (Già esistente nel sistema)
Nome pubblicato:         oem98.inf

Pacchetti driver totali:  1
Pacchetti driver aggiunti:  1
Installazione driver: F:\HP800G9\sp157350\src\driver\CometLakePCH-VSystemLPSS.inf
Utilità Plug and Play Microsoft

Aggiunta del pacchetto driver in corso:  CometLakePCH-VSystemLPSS.inf
Aggiunta del pacchetto driver completata. (Già esistente nel sistema)
Nome pubblicato:         oem99.inf

Pacchetti driver totali:  1
Pacchetti driver aggiunti:  1
Installazione driver: F:\HP800G9\sp157350\src\driver\CometLakePCH-VSystemNorthpeak.inf
Utilità Plug and Play Microsoft

Aggiunta del pacchetto driver in corso:  CometLakePCH-VSystemNorthpeak.inf
Aggiunta del pacchetto driver completata. (Già esistente nel sistema)
Nome pubblicato:         oem100.inf

Pacchetti driver totali:  1
Pacchetti driver aggiunti:  1
Installazione driver: F:\HP800G9\sp157350\src\driver\CometLakePCH-VSystemThermal.inf
Utilità Plug and Play Microsoft

Aggiunta del pacchetto driver in corso:  CometLakePCH-VSystemThermal.inf
Aggiunta del pacchetto driver completata. (Già esistente nel sistema)
Nome pubblicato:         oem101.inf

Pacchetti driver totali:  1
Pacchetti driver aggiunti:  1
Installazione driver: F:\HP800G9\sp157350\src\driver\CometLakeSystem.inf
Utilità Plug and Play Microsoft

Aggiunta del pacchetto driver in corso:  CometLakeSystem.inf
Aggiunta del pacchetto driver completata. (Già esistente nel sistema)
Nome pubblicato:         oem102.inf

Pacchetti driver totali:  1
Pacchetti driver aggiunti:  1
Installazione driver: F:\HP800G9\sp157350\src\driver\ElkhartLakeSystem.inf
Utilità Plug and Play Microsoft

Aggiunta del pacchetto driver in corso:  ElkhartLakeSystem.inf
Aggiunta del pacchetto driver completata. (Già esistente nel sistema)
Nome pubblicato:         oem103.inf

Pacchetti driver totali:  1
Pacchetti driver aggiunti:  1
Installazione driver: F:\HP800G9\sp157350\src\driver\ElkhartLakeSystemGMM.inf
Utilità Plug and Play Microsoft

Aggiunta del pacchetto driver in corso:  ElkhartLakeSystemGMM.inf
Aggiunta del pacchetto driver completata. (Già esistente nel sistema)
Nome pubblicato:         oem104.inf

Pacchetti driver totali:  1
Pacchetti driver aggiunti:  1
Installazione driver: F:\HP800G9\sp157350\src\driver\ElkhartLakeSystemLPSS.inf
Utilità Plug and Play Microsoft

Aggiunta del pacchetto driver in corso:  ElkhartLakeSystemLPSS.inf
Aggiunta del pacchetto driver completata. (Già esistente nel sistema)
Nome pubblicato:         oem105.inf

Pacchetti driver totali:  1
Pacchetti driver aggiunti:  1
Installazione driver: F:\HP800G9\sp157350\src\driver\EmmitsburgSystem.inf
Utilità Plug and Play Microsoft

Aggiunta del pacchetto driver in corso:  EmmitsburgSystem.inf
Pacchetto driver aggiunto.
Nome pubblicato:         oem314.inf

Pacchetti driver totali:  1
Pacchetti driver aggiunti:  1
Installazione driver: F:\HP800G9\sp157350\src\driver\EmmitsburgSystemLPSS.inf
Utilità Plug and Play Microsoft

Aggiunta del pacchetto driver in corso:  EmmitsburgSystemLPSS.inf
Pacchetto driver aggiunto.
Nome pubblicato:         oem315.inf

Pacchetti driver totali:  1
Pacchetti driver aggiunti:  1
Installazione driver: F:\HP800G9\sp157350\src\driver\GeminilakeSystem.inf
Utilità Plug and Play Microsoft

Aggiunta del pacchetto driver in corso:  GeminilakeSystem.inf
Pacchetto driver aggiunto.
Nome pubblicato:         oem316.inf

Pacchetti driver totali:  1
Pacchetti driver aggiunti:  1
Installazione driver: F:\HP800G9\sp157350\src\driver\GeminilakeSystemGMM.inf
Utilità Plug and Play Microsoft

Aggiunta del pacchetto driver in corso:  GeminilakeSystemGMM.inf
Pacchetto driver aggiunto.
Nome pubblicato:         oem317.inf

Pacchetti driver totali:  1
Pacchetti driver aggiunti:  1
Installazione driver: F:\HP800G9\sp157350\src\driver\GeminilakeSystemLPSS.inf
Utilità Plug and Play Microsoft

Aggiunta del pacchetto driver in corso:  GeminilakeSystemLPSS.inf
Pacchetto driver aggiunto.
Nome pubblicato:         oem318.inf

Pacchetti driver totali:  1
Pacchetti driver aggiunti:  1
Installazione driver: F:\HP800G9\sp157350\src\driver\GeminilakeSystemNorthpeak.inf
Utilità Plug and Play Microsoft

Aggiunta del pacchetto driver in corso:  GeminilakeSystemNorthpeak.inf
Pacchetto driver aggiunto.
Nome pubblicato:         oem319.inf

Pacchetti driver totali:  1
Pacchetti driver aggiunti:  1
Installazione driver: F:\HP800G9\sp157350\src\driver\GraniteRapidsSystem.inf
Utilità Plug and Play Microsoft

Aggiunta del pacchetto driver in corso:  GraniteRapidsSystem.inf
Pacchetto driver aggiunto.
Nome pubblicato:         oem320.inf

Pacchetti driver totali:  1
Pacchetti driver aggiunti:  1
Installazione driver: F:\HP800G9\sp157350\src\driver\IceLakePCH-LPSystem.inf
Utilità Plug and Play Microsoft

Aggiunta del pacchetto driver in corso:  IceLakePCH-LPSystem.inf
Aggiunta del pacchetto driver completata. (Già esistente nel sistema)
Nome pubblicato:         oem110.inf

Pacchetti driver totali:  1
Pacchetti driver aggiunti:  1
Installazione driver: F:\HP800G9\sp157350\src\driver\IceLakePCH-LPSystemLPSS.inf
Utilità Plug and Play Microsoft

Aggiunta del pacchetto driver in corso:  IceLakePCH-LPSystemLPSS.inf
Aggiunta del pacchetto driver completata. (Già esistente nel sistema)
Nome pubblicato:         oem111.inf

Pacchetti driver totali:  1
Pacchetti driver aggiunti:  1
Installazione driver: F:\HP800G9\sp157350\src\driver\IceLakePCH-LPSystemNorthpeak.inf
Utilità Plug and Play Microsoft

Aggiunta del pacchetto driver in corso:  IceLakePCH-LPSystemNorthpeak.inf
Aggiunta del pacchetto driver completata. (Già esistente nel sistema)
Nome pubblicato:         oem112.inf

Pacchetti driver totali:  1
Pacchetti driver aggiunti:  1
Installazione driver: F:\HP800G9\sp157350\src\driver\IceLakePCH-NSystem.inf
Utilità Plug and Play Microsoft

Aggiunta del pacchetto driver in corso:  IceLakePCH-NSystem.inf
Pacchetto driver aggiunto.
Nome pubblicato:         oem321.inf

Pacchetti driver totali:  1
Pacchetti driver aggiunti:  1
Installazione driver: F:\HP800G9\sp157350\src\driver\IceLakePCH-NSystemLPSS.inf
Utilità Plug and Play Microsoft

Aggiunta del pacchetto driver in corso:  IceLakePCH-NSystemLPSS.inf
Pacchetto driver aggiunto.
Nome pubblicato:         oem322.inf

Pacchetti driver totali:  1
Pacchetti driver aggiunti:  1
Installazione driver: F:\HP800G9\sp157350\src\driver\IceLakeSystemThermal.inf
Utilità Plug and Play Microsoft

Aggiunta del pacchetto driver in corso:  IceLakeSystemThermal.inf
Pacchetto driver aggiunto.
Nome pubblicato:         oem323.inf

Pacchetti driver totali:  1
Pacchetti driver aggiunti:  1
Installazione driver: F:\HP800G9\sp157350\src\driver\IceLakeUSBFunctionController.inf
Utilità Plug and Play Microsoft

Aggiunta del pacchetto driver in corso:  IceLakeUSBFunctionController.inf
Pacchetto driver aggiunto.
Nome pubblicato:         oem324.inf

Pacchetti driver totali:  1
Pacchetti driver aggiunti:  1
Installazione driver: F:\HP800G9\sp157350\src\driver\JasperLake+System.inf
Utilità Plug and Play Microsoft

Aggiunta del pacchetto driver in corso:  JasperLake+System.inf
Aggiunta del pacchetto driver completata. (Già esistente nel sistema)
Nome pubblicato:         oem117.inf

Pacchetti driver totali:  1
Pacchetti driver aggiunti:  1
Installazione driver: F:\HP800G9\sp157350\src\driver\JasperLake+SystemNorthpeak.inf
Utilità Plug and Play Microsoft

Aggiunta del pacchetto driver in corso:  JasperLake+SystemNorthpeak.inf
Aggiunta del pacchetto driver completata. (Già esistente nel sistema)
Nome pubblicato:         oem118.inf

Pacchetti driver totali:  1
Pacchetti driver aggiunti:  1
Installazione driver: F:\HP800G9\sp157350\src\driver\JasperLakePCH-NSystem.inf
Utilità Plug and Play Microsoft

Aggiunta del pacchetto driver in corso:  JasperLakePCH-NSystem.inf
Aggiunta del pacchetto driver completata. (Già esistente nel sistema)
Nome pubblicato:         oem119.inf

Pacchetti driver totali:  1
Pacchetti driver aggiunti:  1
Installazione driver: F:\HP800G9\sp157350\src\driver\JasperLakePCH-NSystemLPSS.inf
Utilità Plug and Play Microsoft

Aggiunta del pacchetto driver in corso:  JasperLakePCH-NSystemLPSS.inf
Aggiunta del pacchetto driver completata. (Già esistente nel sistema)
Nome pubblicato:         oem120.inf

Pacchetti driver totali:  1
Pacchetti driver aggiunti:  1
Installazione driver: F:\HP800G9\sp157350\src\driver\JasperLakePCH-NSystemNorthpeak.inf
Utilità Plug and Play Microsoft

Aggiunta del pacchetto driver in corso:  JasperLakePCH-NSystemNorthpeak.inf
Aggiunta del pacchetto driver completata. (Già esistente nel sistema)
Nome pubblicato:         oem121.inf

Pacchetti driver totali:  1
Pacchetti driver aggiunti:  1
Installazione driver: F:\HP800G9\sp157350\src\driver\KabyLakePCH-HSystem.inf
Utilità Plug and Play Microsoft

Aggiunta del pacchetto driver in corso:  KabyLakePCH-HSystem.inf
Pacchetto driver aggiunto.
Nome pubblicato:         oem325.inf

Pacchetti driver totali:  1
Pacchetti driver aggiunti:  1
Installazione driver: F:\HP800G9\sp157350\src\driver\KabyLakePCH-HSystemLPSS.inf
Utilità Plug and Play Microsoft

Aggiunta del pacchetto driver in corso:  KabyLakePCH-HSystemLPSS.inf
Pacchetto driver aggiunto.
Nome pubblicato:         oem326.inf

Pacchetti driver totali:  1
Pacchetti driver aggiunti:  1
Installazione driver: F:\HP800G9\sp157350\src\driver\KabyLakePCH-HSystemNorthpeak.inf
Utilità Plug and Play Microsoft

Aggiunta del pacchetto driver in corso:  KabyLakePCH-HSystemNorthpeak.inf
Pacchetto driver aggiunto.
Nome pubblicato:         oem327.inf

Pacchetti driver totali:  1
Pacchetti driver aggiunti:  1
Installazione driver: F:\HP800G9\sp157350\src\driver\KabyLakePCH-HSystemThermal.inf
Utilità Plug and Play Microsoft

Aggiunta del pacchetto driver in corso:  KabyLakePCH-HSystemThermal.inf
Pacchetto driver aggiunto.
Nome pubblicato:         oem328.inf

Pacchetti driver totali:  1
Pacchetti driver aggiunti:  1
Installazione driver: F:\HP800G9\sp157350\src\driver\KabylakeSystem.inf
Utilità Plug and Play Microsoft

Aggiunta del pacchetto driver in corso:  KabylakeSystem.inf
Aggiunta del pacchetto driver completata. (Già esistente nel sistema)
Nome pubblicato:         oem126.inf

Pacchetti driver totali:  1
Pacchetti driver aggiunti:  1
Installazione driver: F:\HP800G9\sp157350\src\driver\KabylakeSystemGMM.inf
Utilità Plug and Play Microsoft

Aggiunta del pacchetto driver in corso:  KabylakeSystemGMM.inf
Aggiunta del pacchetto driver completata. (Già esistente nel sistema)
Nome pubblicato:         oem127.inf

Pacchetti driver totali:  1
Pacchetti driver aggiunti:  1
Installazione driver: F:\HP800G9\sp157350\src\driver\LakeFieldSystem.inf
Utilità Plug and Play Microsoft

Aggiunta del pacchetto driver in corso:  LakeFieldSystem.inf
Aggiunta del pacchetto driver completata. (Già esistente nel sistema)
Nome pubblicato:         oem128.inf

Pacchetti driver totali:  1
Pacchetti driver aggiunti:  1
Installazione driver: F:\HP800G9\sp157350\src\driver\LakeFieldSystemLPSS.inf
Utilità Plug and Play Microsoft

Aggiunta del pacchetto driver in corso:  LakeFieldSystemLPSS.inf
Aggiunta del pacchetto driver completata. (Già esistente nel sistema)
Nome pubblicato:         oem129.inf

Pacchetti driver totali:  1
Pacchetti driver aggiunti:  1
Installazione driver: F:\HP800G9\sp157350\src\driver\LakeFieldSystemNorthpeak.inf
Utilità Plug and Play Microsoft

Aggiunta del pacchetto driver in corso:  LakeFieldSystemNorthpeak.inf
Aggiunta del pacchetto driver completata. (Già esistente nel sistema)
Nome pubblicato:         oem130.inf

Pacchetti driver totali:  1
Pacchetti driver aggiunti:  1
Installazione driver: F:\HP800G9\sp157350\src\driver\LunarLakeSystem.inf
Utilità Plug and Play Microsoft

Aggiunta del pacchetto driver in corso:  LunarLakeSystem.inf
Pacchetto driver aggiunto.
Nome pubblicato:         oem329.inf

Pacchetti driver totali:  1
Pacchetti driver aggiunti:  1
Installazione driver: F:\HP800G9\sp157350\src\driver\MeteorLakePCH-HSystem.inf
Utilità Plug and Play Microsoft

Aggiunta del pacchetto driver in corso:  MeteorLakePCH-HSystem.inf
Pacchetto driver aggiunto.
Nome pubblicato:         oem330.inf

Pacchetti driver totali:  1
Pacchetti driver aggiunti:  1
Installazione driver: F:\HP800G9\sp157350\src\driver\MeteorLakePCH-SSystem.inf
Utilità Plug and Play Microsoft

Aggiunta del pacchetto driver in corso:  MeteorLakePCH-SSystem.inf
Pacchetto driver aggiunto.
Nome pubblicato:         oem331.inf

Pacchetti driver totali:  1
Pacchetti driver aggiunti:  1
Installazione driver: F:\HP800G9\sp157350\src\driver\MeteorLakeSystem.inf
Utilità Plug and Play Microsoft

Aggiunta del pacchetto driver in corso:  MeteorLakeSystem.inf
Pacchetto driver aggiunto.
Nome pubblicato:         oem332.inf

Pacchetti driver totali:  1
Pacchetti driver aggiunti:  1
Installazione driver: F:\HP800G9\sp157350\src\driver\MeteorLakeSystemNorthpeak.inf
Utilità Plug and Play Microsoft

Aggiunta del pacchetto driver in corso:  MeteorLakeSystemNorthpeak.inf
Pacchetto driver aggiunto.
Nome pubblicato:         oem333.inf

Pacchetti driver totali:  1
Pacchetti driver aggiunti:  1
Installazione driver: F:\HP800G9\sp157350\src\driver\RaptorLakePCH-SSystem.inf
Utilità Plug and Play Microsoft

Aggiunta del pacchetto driver in corso:  RaptorLakePCH-SSystem.inf
Pacchetto driver aggiunto.
Nome pubblicato:         oem334.inf

Pacchetti driver totali:  1
Pacchetti driver aggiunti:  1
Installazione driver: F:\HP800G9\sp157350\src\driver\RaptorLakeSystem.inf
Utilità Plug and Play Microsoft

Aggiunta del pacchetto driver in corso:  RaptorLakeSystem.inf
Pacchetto driver aggiunto.
Nome pubblicato:         oem335.inf

Pacchetti driver totali:  1
Pacchetti driver aggiunti:  1
Installazione driver: F:\HP800G9\sp157350\src\driver\RocketLakeSystem.inf
Utilità Plug and Play Microsoft

Aggiunta del pacchetto driver in corso:  RocketLakeSystem.inf
Aggiunta del pacchetto driver completata. (Già esistente nel sistema)
Nome pubblicato:         oem135.inf

Pacchetti driver totali:  1
Pacchetti driver aggiunti:  1
Installazione driver: F:\HP800G9\sp157350\src\driver\SapphireRapidsSystem.inf
Utilità Plug and Play Microsoft

Aggiunta del pacchetto driver in corso:  SapphireRapidsSystem.inf
Pacchetto driver aggiunto.
Nome pubblicato:         oem336.inf

Pacchetti driver totali:  1
Pacchetti driver aggiunti:  1
Installazione driver: F:\HP800G9\sp157350\src\driver\Server_CommonSystem.inf
Utilità Plug and Play Microsoft

Aggiunta del pacchetto driver in corso:  Server_CommonSystem.inf
Pacchetto driver aggiunto.
Nome pubblicato:         oem337.inf

Pacchetti driver totali:  1
Pacchetti driver aggiunti:  1
Installazione driver: F:\HP800G9\sp157350\src\driver\Server_CommonSystemNorthpeak.inf
Utilità Plug and Play Microsoft

Aggiunta del pacchetto driver in corso:  Server_CommonSystemNorthpeak.inf
Pacchetto driver aggiunto.
Nome pubblicato:         oem338.inf

Pacchetti driver totali:  1
Pacchetti driver aggiunti:  1
Installazione driver: F:\HP800G9\sp157350\src\driver\SkylakeSystem.inf
Utilità Plug and Play Microsoft

Aggiunta del pacchetto driver in corso:  SkylakeSystem.inf
Aggiunta del pacchetto driver completata. (Già esistente nel sistema)
Nome pubblicato:         oem139.inf

Pacchetti driver totali:  1
Pacchetti driver aggiunti:  1
Installazione driver: F:\HP800G9\sp157350\src\driver\SkylakeSystemGMM.inf
Utilità Plug and Play Microsoft

Aggiunta del pacchetto driver in corso:  SkylakeSystemGMM.inf
Aggiunta del pacchetto driver completata. (Già esistente nel sistema)
Nome pubblicato:         oem140.inf

Pacchetti driver totali:  1
Pacchetti driver aggiunti:  1
Installazione driver: F:\HP800G9\sp157350\src\driver\SkylakeSystemThermal.inf
Utilità Plug and Play Microsoft

Aggiunta del pacchetto driver in corso:  SkylakeSystemThermal.inf
Aggiunta del pacchetto driver completata. (Già esistente nel sistema)
Nome pubblicato:         oem141.inf

Pacchetti driver totali:  1
Pacchetti driver aggiunti:  1
Installazione driver: F:\HP800G9\sp157350\src\driver\SunrisePoint-HSystem.inf
Utilità Plug and Play Microsoft

Aggiunta del pacchetto driver in corso:  SunrisePoint-HSystem.inf
Pacchetto driver aggiunto.
Nome pubblicato:         oem339.inf

Pacchetti driver totali:  1
Pacchetti driver aggiunti:  1
Installazione driver: F:\HP800G9\sp157350\src\driver\SunrisePoint-HSystemLPSS.inf
Utilità Plug and Play Microsoft

Aggiunta del pacchetto driver in corso:  SunrisePoint-HSystemLPSS.inf
Pacchetto driver aggiunto.
Nome pubblicato:         oem340.inf

Pacchetti driver totali:  1
Pacchetti driver aggiunti:  1
Installazione driver: F:\HP800G9\sp157350\src\driver\SunrisePoint-HSystemThermal.inf
Utilità Plug and Play Microsoft

Aggiunta del pacchetto driver in corso:  SunrisePoint-HSystemThermal.inf
Pacchetto driver aggiunto.
Nome pubblicato:         oem341.inf

Pacchetti driver totali:  1
Pacchetti driver aggiunti:  1
Installazione driver: F:\HP800G9\sp157350\src\driver\SunrisePoint-LPSDHost.inf
Utilità Plug and Play Microsoft

Aggiunta del pacchetto driver in corso:  SunrisePoint-LPSDHost.inf
Aggiunta del pacchetto driver completata. (Già esistente nel sistema)
Nome pubblicato:         oem145.inf

Pacchetti driver totali:  1
Pacchetti driver aggiunti:  1
Installazione driver: F:\HP800G9\sp157350\src\driver\SunrisePoint-LPSystem.inf
Utilità Plug and Play Microsoft

Aggiunta del pacchetto driver in corso:  SunrisePoint-LPSystem.inf
Aggiunta del pacchetto driver completata. (Già esistente nel sistema)
Nome pubblicato:         oem146.inf

Pacchetti driver totali:  1
Pacchetti driver aggiunti:  1
Installazione driver: F:\HP800G9\sp157350\src\driver\SunrisePoint-LPSystemLPSS.inf
Utilità Plug and Play Microsoft

Aggiunta del pacchetto driver in corso:  SunrisePoint-LPSystemLPSS.inf
Aggiunta del pacchetto driver completata. (Già esistente nel sistema)
Nome pubblicato:         oem147.inf

Pacchetti driver totali:  1
Pacchetti driver aggiunti:  1
Installazione driver: F:\HP800G9\sp157350\src\driver\SunrisePoint-LPSystemNorthpeak.inf
Utilità Plug and Play Microsoft

Aggiunta del pacchetto driver in corso:  SunrisePoint-LPSystemNorthpeak.inf
Aggiunta del pacchetto driver completata. (Già esistente nel sistema)
Nome pubblicato:         oem148.inf

Pacchetti driver totali:  1
Pacchetti driver aggiunti:  1
Installazione driver: F:\HP800G9\sp157350\src\driver\SunrisePoint-LPSystemThermal.inf
Utilità Plug and Play Microsoft

Aggiunta del pacchetto driver in corso:  SunrisePoint-LPSystemThermal.inf
Aggiunta del pacchetto driver completata. (Già esistente nel sistema)
Nome pubblicato:         oem149.inf

Pacchetti driver totali:  1
Pacchetti driver aggiunti:  1
Installazione driver: F:\HP800G9\sp157350\src\driver\TigerlakeDmaSecExtension.inf
Utilità Plug and Play Microsoft

Aggiunta del pacchetto driver in corso:  TigerlakeDmaSecExtension.inf
Aggiunta del pacchetto driver completata. (Già esistente nel sistema)
Nome pubblicato:         oem150.inf

Pacchetti driver totali:  1
Pacchetti driver aggiunti:  1
Installazione driver: F:\HP800G9\sp157350\src\driver\TigerLakePCH-HDmaSecExtension.inf
Utilità Plug and Play Microsoft

Aggiunta del pacchetto driver in corso:  TigerLakePCH-HDmaSecExtension.inf
Aggiunta del pacchetto driver completata. (Già esistente nel sistema)
Nome pubblicato:         oem151.inf

Pacchetti driver totali:  1
Pacchetti driver aggiunti:  1
Installazione driver: F:\HP800G9\sp157350\src\driver\TigerLakePCH-HSystem.inf
Utilità Plug and Play Microsoft

Aggiunta del pacchetto driver in corso:  TigerLakePCH-HSystem.inf
Aggiunta del pacchetto driver completata. (Già esistente nel sistema)
Nome pubblicato:         oem152.inf

Pacchetti driver totali:  1
Pacchetti driver aggiunti:  1
Installazione driver: F:\HP800G9\sp157350\src\driver\TigerLakePCH-HSystemISH.inf
Utilità Plug and Play Microsoft

Aggiunta del pacchetto driver in corso:  TigerLakePCH-HSystemISH.inf
Aggiunta del pacchetto driver completata. (Già esistente nel sistema)
Nome pubblicato:         oem153.inf

Pacchetti driver totali:  1
Pacchetti driver aggiunti:  1
Installazione driver: F:\HP800G9\sp157350\src\driver\TigerLakePCH-HSystemLPSS.inf
Utilità Plug and Play Microsoft

Aggiunta del pacchetto driver in corso:  TigerLakePCH-HSystemLPSS.inf
Aggiunta del pacchetto driver completata. (Già esistente nel sistema)
Nome pubblicato:         oem154.inf

Pacchetti driver totali:  1
Pacchetti driver aggiunti:  1
Installazione driver: F:\HP800G9\sp157350\src\driver\TigerLakePCH-HSystemNorthpeak.inf
Utilità Plug and Play Microsoft

Aggiunta del pacchetto driver in corso:  TigerLakePCH-HSystemNorthpeak.inf
Aggiunta del pacchetto driver completata. (Già esistente nel sistema)
Nome pubblicato:         oem155.inf

Pacchetti driver totali:  1
Pacchetti driver aggiunti:  1
Installazione driver: F:\HP800G9\sp157350\src\driver\TigerLakePCH-HSystemThermal.inf
Utilità Plug and Play Microsoft

Aggiunta del pacchetto driver in corso:  TigerLakePCH-HSystemThermal.inf
Aggiunta del pacchetto driver completata. (Già esistente nel sistema)
Nome pubblicato:         oem156.inf

Pacchetti driver totali:  1
Pacchetti driver aggiunti:  1
Installazione driver: F:\HP800G9\sp157350\src\driver\TigerlakePCH-LPDmaSecExtension.inf
Utilità Plug and Play Microsoft

Aggiunta del pacchetto driver in corso:  TigerlakePCH-LPDmaSecExtension.inf
Aggiunta del pacchetto driver completata. (Già esistente nel sistema)
Nome pubblicato:         oem157.inf

Pacchetti driver totali:  1
Pacchetti driver aggiunti:  1
Installazione driver: F:\HP800G9\sp157350\src\driver\TigerlakePCH-LPSystem.inf
Utilità Plug and Play Microsoft

Aggiunta del pacchetto driver in corso:  TigerlakePCH-LPSystem.inf
Aggiunta del pacchetto driver completata. (Già esistente nel sistema)
Nome pubblicato:         oem158.inf

Pacchetti driver totali:  1
Pacchetti driver aggiunti:  1
Installazione driver: F:\HP800G9\sp157350\src\driver\TigerlakePCH-LPSystemLPSS.inf
Utilità Plug and Play Microsoft

Aggiunta del pacchetto driver in corso:  TigerlakePCH-LPSystemLPSS.inf
Aggiunta del pacchetto driver completata. (Già esistente nel sistema)
Nome pubblicato:         oem159.inf

Pacchetti driver totali:  1
Pacchetti driver aggiunti:  1
Installazione driver: F:\HP800G9\sp157350\src\driver\TigerlakePCH-LPUSBFunctionController.inf
Utilità Plug and Play Microsoft

Aggiunta del pacchetto driver in corso:  TigerlakePCH-LPUSBFunctionController.inf
Aggiunta del pacchetto driver completata. (Già esistente nel sistema)
Nome pubblicato:         oem160.inf

Pacchetti driver totali:  1
Pacchetti driver aggiunti:  1
Installazione driver: F:\HP800G9\sp157350\src\driver\TigerlakeSystem.inf
Utilità Plug and Play Microsoft

Aggiunta del pacchetto driver in corso:  TigerlakeSystem.inf
Aggiunta del pacchetto driver completata. (Già esistente nel sistema)
Nome pubblicato:         oem161.inf

Pacchetti driver totali:  1
Pacchetti driver aggiunti:  1
Installazione driver: F:\HP800G9\sp157369\src\driver\JHI\win10\DAL.inf
Utilità Plug and Play Microsoft

Aggiunta del pacchetto driver in corso:  DAL.inf
Pacchetto driver aggiunto.
Nome pubblicato:         oem342.inf
Pacchetto driver installato nel dispositivo:  SWD\DRIVERENUM\OEM_DAL_component&4&3172a325&0

Pacchetti driver totali:  1
Pacchetti driver aggiunti:  1
Installazione driver: F:\HP800G9\sp157369\src\driver\LMS\LMS.inf
Utilità Plug and Play Microsoft

Aggiunta del pacchetto driver in corso:  LMS.inf
Pacchetto driver aggiunto.
Nome pubblicato:         oem343.inf
Pacchetto driver installato nel dispositivo:  SWD\DRIVERENUM\{72522ea3-94a8-4184-92c8-88769998a634}#OEM_LMS_component&4&1a85fa73&0

Pacchetti driver totali:  1
Pacchetti driver aggiunti:  1
Installazione driver: F:\HP800G9\sp157369\src\driver\MEI\win10\heci.inf
Utilità Plug and Play Microsoft

Aggiunta del pacchetto driver in corso:  heci.inf
Pacchetto driver aggiunto.
Nome pubblicato:         oem344.inf
Pacchetto driver installato nel dispositivo:  PCI\VEN_8086&DEV_7AE8&SUBSYS_8AC3103C&REV_11\3&11583659&0&B0

Pacchetti driver totali:  1
Pacchetti driver aggiunti:  1
Installazione driver: F:\HP800G9\sp157369\src\driver\SOL\mesrl.inf
Utilità Plug and Play Microsoft

Aggiunta del pacchetto driver in corso:  mesrl.inf
Pacchetto driver aggiunto.
Nome pubblicato:         oem345.inf
Pacchetto driver installato nel dispositivo:  PCI\VEN_8086&DEV_7AEB&SUBSYS_8AC3103C&REV_11\3&11583659&0&B3

Pacchetti driver totali:  1
Pacchetti driver aggiunti:  1
Installazione driver: F:\HP800G9\sp157369\src\driver\SOL_LMS_Extension\SOLLMSExtension.inf
Utilità Plug and Play Microsoft

Aggiunta del pacchetto driver in corso:  SOLLMSExtension.inf
Pacchetto driver aggiunto.
Nome pubblicato:         oem346.inf
Pacchetto driver installato nel dispositivo:  PCI\VEN_8086&DEV_7AEB&SUBSYS_8AC3103C&REV_11\3&11583659&0&B3

Pacchetti driver totali:  1
Pacchetti driver aggiunti:  1
Installazione driver: F:\HP800G9\sp157369\src\driver\WiMan\WiMan.inf
Utilità Plug and Play Microsoft

Aggiunta del pacchetto driver in corso:  WiMan.inf
Pacchetto driver aggiunto.
Nome pubblicato:         oem347.inf
Pacchetto driver installato nel dispositivo:  SWD\DRIVERENUM\{babe2782-eb1b-46a7-871a-f043d3200542}#WiMan_Component&4&3172a325&0

Pacchetti driver totali:  1
Pacchetti driver aggiunti:  1
Installazione driver: F:\HP800G9\sp157369\src\driver\wiman_wlan_extension\wiman_wlan_extension.inf
Utilità Plug and Play Microsoft

Aggiunta del pacchetto driver in corso:  wiman_wlan_extension.inf
Pacchetto driver aggiunto.
Nome pubblicato:         oem348.inf
Pacchetto driver installato nel dispositivo:  PCI\VEN_8086&DEV_7AE8&SUBSYS_8AC3103C&REV_11\3&11583659&0&B0

Pacchetti driver totali:  1
Pacchetti driver aggiunti:  1
Installazione driver: F:\HP800G9\sp157369\src\driver\WMIProvider\MEWMIProv.inf
Utilità Plug and Play Microsoft

Aggiunta del pacchetto driver in corso:  MEWMIProv.inf
Pacchetto driver aggiunto.
Nome pubblicato:         oem349.inf
Pacchetto driver installato nel dispositivo:  SWD\DRIVERENUM\OEM_WMI_component&4&3172a325&0

Pacchetti driver totali:  1
Pacchetti driver aggiunti:  1
Installazione driver: F:\HP800G9\sp157383\src\driver\IntelACM_ADL_PW_1.18.18.0.INF
Utilità Plug and Play Microsoft

Aggiunta del pacchetto driver in corso:  IntelACM_ADL_PW_1.18.18.0.INF
Pacchetto driver aggiunto.
Nome pubblicato:         oem350.inf
Pacchetto driver installato nel dispositivo:  ACPI\INTC1025\2&daba3ff&0

Pacchetti driver totali:  1
Pacchetti driver aggiunti:  1
Installazione driver: F:\HP800G9\sp157801\src\driver\x64\TbtHostController.inf
Utilità Plug and Play Microsoft

Aggiunta del pacchetto driver in corso:  TbtHostController.inf
Pacchetto driver aggiunto.
Nome pubblicato:         oem351.inf
Pacchetto driver aggiunto.
Nome pubblicato:         oem354.inf
Pacchetto driver aggiunto.
Nome pubblicato:         oem352.inf
Pacchetto driver aggiunto.
Nome pubblicato:         oem353.inf

Pacchetti driver totali:  1
Pacchetti driver aggiunti:  1
Installazione driver: F:\HP800G9\sp157801\src\driver\x64\TbtHostControllerExtension.inf
Utilità Plug and Play Microsoft

Aggiunta del pacchetto driver in corso:  TbtHostControllerExtension.inf
Pacchetto driver aggiunto.
Nome pubblicato:         oem355.inf

Pacchetti driver totali:  1
Pacchetti driver aggiunti:  1
Installazione driver: F:\HP800G9\sp157801\src\driver\x64\TbtHostControllerHsaComponent.inf
Utilità Plug and Play Microsoft

Aggiunta del pacchetto driver in corso:  TbtHostControllerHsaComponent.inf
Aggiunta del pacchetto driver completata. (Già esistente nel sistema)
Nome pubblicato:         oem354.inf

Pacchetti driver totali:  1
Pacchetti driver aggiunti:  1
Installazione driver: F:\HP800G9\sp157801\src\driver\x64\TbtHostControllerToastComponent.inf
Utilità Plug and Play Microsoft

Aggiunta del pacchetto driver in corso:  TbtHostControllerToastComponent.inf
Aggiunta del pacchetto driver completata. (Già esistente nel sistema)
Nome pubblicato:         oem353.inf

Pacchetti driver totali:  1
Pacchetti driver aggiunti:  1
Installazione driver: F:\HP800G9\sp157801\src\driver\x64\TbtP2pNdisDrv.inf
Utilità Plug and Play Microsoft

Aggiunta del pacchetto driver in corso:  TbtP2pNdisDrv.inf
Aggiunta del pacchetto driver completata. (Già esistente nel sistema)
Nome pubblicato:         oem352.inf

Pacchetti driver totali:  1
Pacchetti driver aggiunti:  1
Installazione driver: F:\HP800G9\sp157801\src\driver\x64\ThunderboltBR.inf
Utilità Plug and Play Microsoft

Aggiunta del pacchetto driver in corso:  ThunderboltBR.inf
Pacchetto driver aggiunto.
Nome pubblicato:         oem356.inf

Pacchetti driver totali:  1
Pacchetti driver aggiunti:  1
Installazione completata.
PS E:\>


